SF:C:/Users/alx/.cargo/registry/src/index.crates.io-6f17d22bba15001f/serde-1.0.200/src/macros.rs
DA:126,0
DA:133,0
DA:134,0
end_of_record
SF:C:/Users/alx/.cargo/registry/src/index.crates.io-6f17d22bba15001f/rand-0.9.0-alpha.1/src/rngs/reseeding.rs
DA:111,4800
DA:112,4800
DA:113,4800
end_of_record
SF:C:/Users/alx/.cargo/registry/src/index.crates.io-6f17d22bba15001f/serde_json-1.0.116/src/de.rs
DA:112,0
DA:116,0
DA:117,0
DA:118,0
DA:119,0
DA:123,0
DA:229,0
DA:230,0
DA:231,0
DA:263,0
DA:264,0
DA:266,0
DA:267,0
DA:268,0
DA:269,0
DA:270,0
DA:273,0
DA:274,0
DA:275,0
DA:276,0
DA:277,0
DA:280,0
DA:281,0
DA:282,0
DA:283,0
DA:284,0
DA:287,0
DA:288,0
DA:289,0
DA:290,0
DA:293,0
DA:294,0
DA:295,0
DA:298,0
DA:299,0
DA:300,0
DA:301,0
DA:302,0
DA:305,0
DA:306,0
DA:307,0
DA:310,0
DA:311,0
DA:1094,0
DA:1095,0
DA:1096,0
DA:1098,0
DA:1099,0
DA:1100,0
DA:1102,0
DA:1106,0
DA:1108,0
DA:1109,0
DA:1110,0
DA:1113,0
DA:1114,0
DA:1115,0
DA:1118,0
DA:1119,0
DA:1120,0
DA:1123,0
DA:1124,0
DA:1125,0
DA:1127,0
DA:1128,0
DA:1129,0
DA:1132,0
DA:1133,0
DA:1134,0
DA:1136,0
DA:1137,0
DA:1138,0
DA:1139,0
DA:1140,0
DA:1141,0
DA:1144,0
DA:1145,0
DA:1146,0
DA:1147,0
DA:1148,0
DA:1149,0
DA:1150,0
DA:1151,0
DA:1155,0
DA:1156,0
DA:1157,0
DA:1158,0
DA:1161,0
DA:1162,0
DA:1164,0
DA:1165,0
DA:1166,0
DA:1167,0
DA:1168,0
DA:1175,0
DA:1176,0
DA:1177,0
DA:1178,0
DA:1183,0
DA:1184,0
DA:1185,0
DA:1186,0
DA:1188,0
DA:1191,0
DA:1192,0
DA:1193,0
DA:1194,0
DA:1195,0
DA:1197,0
DA:1198,0
DA:1199,0
DA:1200,0
DA:1201,0
DA:1205,0
DA:1207,0
DA:1209,0
DA:1210,0
DA:1213,0
DA:1214,0
DA:1217,0
DA:1218,0
DA:1219,0
DA:1223,0
DA:1227,0
DA:1228,0
DA:1229,0
DA:1230,0
DA:1232,0
DA:1234,0
DA:1235,0
DA:1237,0
DA:1238,0
DA:1239,0
DA:1240,0
DA:1243,0
DA:1244,0
DA:1247,0
DA:1248,0
DA:1249,0
DA:1251,0
DA:1253,0
DA:1254,0
DA:1256,0
DA:1257,0
DA:1262,0
DA:1263,0
DA:1265,0
DA:1269,0
DA:1270,0
DA:1273,0
DA:1274,0
DA:1339,0
DA:1343,0
DA:1344,0
DA:1758,0
DA:1762,0
DA:1763,0
DA:2674,0
DA:2678,0
DA:2679,0
end_of_record
SF:C:/Users/alx/.cargo/registry/src/index.crates.io-6f17d22bba15001f/ppv-lite86-0.2.17/src/types.rs
DA:246,750
DA:247,750
DA:248,750
DA:251,750
DA:255,750
DA:256,750
DA:259,2
DA:263,2
DA:264,2
end_of_record
SF:C:/Users/alx/.cargo/registry/src/index.crates.io-6f17d22bba15001f/rand_core-0.9.0-alpha.1/src/block.rs
DA:137,0
DA:138,0
DA:139,0
DA:140,0
DA:141,0
DA:143,0
DA:165,0
DA:166,0
DA:167,0
DA:172,0
DA:173,0
DA:174,0
DA:179,75
DA:180,75
DA:181,75
DA:182,75
DA:183,75
DA:188,4800
DA:189,4800
DA:190,75
DA:193,4800
DA:194,4800
DA:196,4800
DA:199,0
DA:200,0
DA:201,0
DA:202,0
DA:203,0
DA:205,0
DA:207,0
DA:208,0
DA:209,0
DA:211,0
DA:212,0
DA:213,0
DA:214,0
DA:216,0
DA:217,0
DA:218,0
DA:219,0
DA:221,0
DA:224,0
DA:225,0
DA:226,0
DA:227,0
DA:228,0
DA:230,0
DA:231,0
DA:233,0
DA:234,0
DA:236,0
DA:239,0
DA:240,0
DA:241,0
DA:242,0
end_of_record
SF:C:/Users/alx/.cargo/registry/src/index.crates.io-6f17d22bba15001f/serde-1.0.200/src/de/ignored_any.rs
DA:187,0
DA:188,0
DA:189,0
DA:232,0
DA:236,0
DA:237,0
end_of_record
SF:C:/Users/alx/.cargo/registry/src/index.crates.io-6f17d22bba15001f/getrandom-0.2.15/src/lib.rs
DA:366,1
DA:370,1
DA:371,1
DA:372,1
DA:396,1
DA:397,1
DA:398,1
DA:402,1
DA:403,1
end_of_record
SF:C:/Users/alx/.cargo/registry/src/index.crates.io-6f17d22bba15001f/zerocopy-0.8.0-alpha.6/src/lib.rs
DA:2891,0
DA:2897,0
DA:2898,0
DA:2922,0
DA:2923,0
end_of_record
SF:C:/Users/alx/.cargo/registry/src/index.crates.io-6f17d22bba15001f/rand-0.9.0-alpha.1/src/distributions/integer.rs
DA:44,4800
DA:45,4800
DA:46,4800
end_of_record
SF:C:/Users/alx/.cargo/registry/src/index.crates.io-6f17d22bba15001f/rand-0.9.0-alpha.1/src/rng.rs
DA:91,4800
DA:93,4800
DA:94,4800
end_of_record
SF:C:/Users/alx/.cargo/registry/src/index.crates.io-6f17d22bba15001f/ppv-lite86-0.2.17/src/x86_64/mod.rs
DA:64,1
DA:66,1
DA:92,75
DA:94,75
DA:109,0
DA:130,1
DA:131,1
DA:132,1
DA:143,0
DA:144,0
DA:145,0
DA:190,0
DA:192,0
DA:193,0
DA:194,0
DA:196,0
DA:197,0
DA:198,0
DA:200,0
DA:201,0
DA:202,0
DA:203,0
DA:204,0
DA:206,150
DA:207,150
DA:208,150
DA:210,0
DA:211,0
DA:212,0
DA:213,0
DA:214,0
DA:222,0
DA:229,0
DA:230,0
DA:231,0
DA:232,0
DA:233,0
DA:250,75
DA:252,150
DA:254,1
DA:255,76
DA:256,76
DA:257,76
DA:258,1
DA:259,76
DA:263,0
DA:264,0
DA:265,0
DA:267,0
DA:268,0
DA:269,0
DA:270,0
DA:271,0
DA:272,0
DA:274,0
DA:275,0
DA:276,0
DA:277,0
DA:278,0
DA:279,0
DA:280,0
DA:282,75
DA:283,75
DA:284,0
DA:285,0
DA:286,0
DA:287,0
DA:288,0
DA:289,0
DA:290,0
DA:291,0
DA:293,0
DA:296,75
DA:333,1
DA:335,2
DA:338,1
DA:339,1
DA:340,1
DA:342,0
DA:343,0
DA:344,0
DA:346,1
DA:347,1
DA:348,0
DA:349,0
DA:351,0
DA:354,1
end_of_record
SF:C:/Users/alx/.cargo/registry/src/index.crates.io-6f17d22bba15001f/serde_json-1.0.116/src/ser.rs
DA:24,0
DA:25,0
DA:26,0
DA:48,0
DA:49,0
DA:50,0
DA:131,0
DA:132,0
DA:135,0
DA:151,0
DA:152,0
DA:153,0
DA:157,0
DA:162,0
DA:186,0
DA:187,0
DA:188,0
DA:280,0
DA:281,0
DA:285,0
DA:286,0
DA:290,0
DA:292,0
DA:295,0
DA:297,0
DA:300,0
DA:303,0
DA:304,0
DA:305,0
DA:345,0
DA:346,0
DA:350,0
DA:351,0
DA:355,0
DA:357,0
DA:360,0
DA:362,0
DA:365,0
DA:368,0
DA:374,0
DA:376,0
DA:458,0
DA:487,0
DA:492,0
DA:493,0
DA:495,0
DA:497,0
DA:498,0
DA:499,0
DA:500,0
DA:508,0
DA:511,0
DA:513,0
DA:514,0
DA:515,0
DA:522,0
DA:534,0
DA:538,0
DA:539,0
DA:542,0
DA:543,0
DA:544,0
DA:616,0
DA:621,0
DA:622,0
DA:624,0
DA:626,0
DA:628,0
DA:630,0
DA:631,0
DA:639,0
DA:642,0
DA:647,0
DA:648,0
DA:650,0
DA:652,0
DA:653,0
DA:654,0
DA:662,0
DA:665,0
DA:667,0
DA:668,0
DA:669,0
DA:676,0
DA:688,0
DA:693,0
DA:711,0
DA:714,0
DA:716,0
DA:722,0
DA:800,0
DA:801,0
DA:802,0
DA:1537,0
DA:1538,0
DA:1539,0
DA:1540,0
DA:1541,0
DA:1542,0
DA:1543,0
DA:1544,0
DA:1545,0
DA:1546,0
DA:1547,0
DA:1549,0
DA:1557,0
DA:1561,0
DA:1562,0
DA:1657,0
DA:1661,0
DA:1662,0
DA:1663,0
DA:1664,0
DA:1690,0
DA:1694,0
DA:1695,0
DA:1696,0
DA:1697,0
DA:1722,0
DA:1726,0
DA:1727,0
DA:1732,0
DA:1736,0
DA:1737,0
DA:1742,0
DA:1746,0
DA:1747,0
DA:1751,0
DA:1757,0
DA:1758,0
DA:1759,0
DA:1760,0
DA:1761,0
DA:1762,0
DA:1763,0
DA:1764,0
DA:1765,0
DA:1766,0
DA:1768,0
DA:1773,0
DA:1774,0
DA:1776,0
DA:1780,0
DA:1781,0
DA:1804,0
DA:1808,0
DA:1809,0
DA:1814,0
DA:1818,0
DA:1819,0
DA:1824,0
DA:1828,0
DA:1829,0
DA:1831,0
DA:1833,0
DA:1837,0
DA:1841,0
DA:1842,0
DA:1847,0
DA:1851,0
DA:1852,0
DA:1857,0
DA:1861,0
DA:1862,0
DA:1866,0
DA:1870,0
DA:1871,0
DA:1873,0
DA:1875,0
DA:1881,0
DA:1885,0
DA:1886,0
DA:1892,0
DA:1896,0
DA:1897,0
DA:1901,0
DA:1905,0
DA:1906,0
DA:2051,0
DA:2056,0
DA:2057,0
DA:2058,0
DA:2059,0
DA:2061,0
DA:2070,0
DA:2072,0
DA:2074,0
DA:2075,0
DA:2076,0
DA:2080,0
DA:2081,0
DA:2084,0
DA:2085,0
DA:2087,0
DA:2090,0
DA:2091,0
DA:2094,0
DA:2095,0
end_of_record
SF:C:/Users/alx/.cargo/registry/src/index.crates.io-6f17d22bba15001f/serde-1.0.200/src/de/mod.rs
DA:242,0
DA:243,0
DA:244,0
DA:249,0
DA:250,0
DA:251,0
DA:256,0
DA:259,0
DA:262,0
DA:267,0
DA:268,0
DA:269,0
DA:274,0
DA:277,0
DA:280,0
DA:286,0
DA:287,0
DA:288,0
DA:293,0
DA:294,0
DA:295,0
DA:485,0
DA:486,0
DA:487,0
DA:790,0
DA:794,0
DA:795,0
DA:1216,0
DA:1218,0
DA:1504,0
DA:1508,0
DA:1509,0
DA:1724,0
DA:1728,0
DA:1729,0
DA:1846,0
DA:1850,0
DA:1851,0
DA:1863,0
DA:1867,0
DA:1868,0
DA:1876,0
DA:1881,0
DA:1882,0
end_of_record
SF:C:/Users/alx/.cargo/registry/src/index.crates.io-6f17d22bba15001f/glam-0.27.0/src/f32/sse2/vec4.rs
DA:24,1
DA:25,1
DA:26,1
DA:92,40032
DA:93,40032
DA:94,40032
DA:442,3
DA:444,3
DA:445,3
DA:447,3
DA:960,128016
DA:961,128016
DA:962,128016
DA:975,24018
DA:976,24018
DA:977,24018
DA:998,96012
DA:999,96012
DA:1000,96012
DA:1300,8005
DA:1301,8005
DA:1302,8005
DA:1329,36
DA:1330,36
DA:1331,36
end_of_record
SF:C:/Users/alx/.cargo/registry/src/index.crates.io-6f17d22bba15001f/bitflags-1.3.2/src/lib.rs
DA:363,0
DA:365,0
DA:434,0
DA:460,0
DA:471,0
DA:473,0
DA:474,0
DA:475,0
DA:477,0
DA:478,0
DA:481,0
DA:482,0
DA:483,0
DA:484,0
DA:486,0
DA:487,0
DA:488,0
DA:490,0
DA:491,0
DA:493,0
DA:494,0
DA:497,0
DA:498,0
DA:499,0
DA:502,0
DA:503,0
DA:504,0
DA:507,0
DA:508,0
DA:509,0
DA:512,0
DA:513,0
DA:514,0
DA:526,0
DA:527,0
DA:528,0
DA:532,0
DA:533,0
DA:541,0
DA:545,0
DA:546,0
DA:547,0
DA:552,0
DA:553,0
DA:554,0
DA:556,0
DA:558,0
DA:563,0
DA:564,0
DA:565,0
DA:579,0
DA:580,0
DA:581,0
DA:585,0
DA:586,0
DA:587,0
DA:591,0
DA:592,0
DA:593,0
DA:597,0
DA:598,0
DA:599,0
DA:603,0
DA:604,0
DA:605,0
DA:609,0
DA:610,0
DA:611,0
DA:615,0
DA:616,0
DA:617,0
DA:621,0
DA:622,0
DA:623,0
DA:627,0
DA:628,0
DA:629,0
DA:631,0
DA:633,0
DA:647,0
DA:648,0
DA:649,0
DA:664,0
DA:665,0
DA:666,0
DA:682,0
DA:683,0
DA:684,0
DA:701,0
DA:702,0
DA:703,0
DA:720,0
DA:721,0
DA:722,0
DA:731,0
DA:732,0
DA:733,0
DA:739,0
DA:740,0
DA:741,0
DA:749,0
DA:750,0
DA:751,0
DA:757,0
DA:758,0
DA:759,0
DA:767,0
DA:768,0
DA:769,0
DA:775,0
DA:776,0
DA:777,0
DA:785,0
DA:786,0
DA:787,0
DA:793,0
DA:794,0
DA:795,0
DA:803,0
DA:804,0
DA:805,0
DA:875,0
end_of_record
SF:C:/Users/alx/.cargo/registry/src/index.crates.io-6f17d22bba15001f/getrandom-0.2.15/src/util.rs
DA:8,1
DA:11,1
DA:32,1
DA:35,1
end_of_record
SF:C:/Users/alx/.cargo/registry/src/index.crates.io-6f17d22bba15001f/glam-0.27.0/src/f32/sse2/quat.rs
DA:72,1000000000
DA:73,1000000000
DA:74,1000000000
DA:161,360904246
DA:162,360904246
DA:163,360904246
DA:164,360904246
DA:169,360904246
DA:170,360904246
DA:171,360904246
DA:172,360904246
DA:177,360904246
DA:178,360904246
DA:179,360904246
DA:180,360904246
DA:192,1
DA:194,1
DA:195,1
DA:196,1
DA:197,1
DA:199,0
DA:200,0
DA:201,0
DA:203,0
DA:204,0
DA:205,0
DA:206,0
DA:207,0
DA:208,0
DA:209,0
DA:213,0
DA:214,0
DA:215,0
DA:216,0
DA:217,0
DA:218,0
DA:219,0
DA:224,1
DA:225,1
DA:226,1
DA:228,0
DA:229,0
DA:230,0
DA:231,0
DA:232,0
DA:233,0
DA:234,0
DA:238,1
DA:239,1
DA:240,1
DA:241,1
DA:242,1
DA:243,1
DA:244,1
DA:248,1
DA:675,1000000000
DA:684,1000000000
DA:685,1000000000
DA:688,1000000000
DA:689,1000000000
DA:690,1000000000
DA:691,1000000000
DA:693,1000000000
DA:694,1000000000
DA:696,1000000000
DA:697,1000000000
DA:699,1000000000
DA:701,1000000000
DA:702,1000000000
DA:704,1000000000
DA:706,1000000000
DA:707,1000000000
DA:709,1000000000
DA:710,1000000000
DA:712,1000000000
DA:714,1000000000
DA:862,1000000000
DA:863,1000000000
DA:864,1000000000
end_of_record
SF:C:/Users/alx/.cargo/registry/src/index.crates.io-6f17d22bba15001f/serde_json-1.0.116/src/read.rs
DA:138,0
DA:139,0
DA:140,0
DA:141,0
DA:143,0
end_of_record
SF:C:/Users/alx/.cargo/registry/src/index.crates.io-6f17d22bba15001f/rand-0.9.0-alpha.1/src/distributions/uniform.rs
DA:121,0
DA:359,9600
DA:361,9600
DA:386,4800
DA:387,4800
DA:388,4800
DA:391,4800
DA:392,4800
DA:393,4800
end_of_record
SF:C:/Users/alx/.cargo/registry/src/index.crates.io-6f17d22bba15001f/lazy_static-1.4.0/src/inline_lazy.rs
DA:26,8002
DA:30,8003
DA:31,1
DA:32,1
DA:37,8002
DA:38,8002
DA:40,0
DA:42,0
DA:46,8002
end_of_record
SF:C:/Users/alx/.cargo/registry/src/index.crates.io-6f17d22bba15001f/rand-0.9.0-alpha.1/src/rngs/thread.rs
DA:149,4800
DA:152,4800
DA:153,4800
DA:154,4800
end_of_record
SF:C:/Users/alx/.cargo/registry/src/index.crates.io-6f17d22bba15001f/glfw-0.55.0/src/lib.rs
DA:951,0
DA:1052,1
DA:1059,1
DA:1061,1
DA:1062,1
DA:2407,19112291
DA:2408,19112291
DA:2409,19112291
DA:2421,19112291
DA:2422,19112291
DA:2423,19112291
DA:2424,19112291
end_of_record
SF:C:/Users/alx/.cargo/registry/src/index.crates.io-6f17d22bba15001f/itoa-1.0.11/src/lib.rs
DA:87,0
DA:88,0
DA:89,0
DA:90,0
DA:95,0
DA:96,0
DA:100,0
DA:135,0
DA:136,0
DA:137,0
DA:138,0
DA:141,0
DA:143,0
DA:144,0
DA:145,0
DA:148,0
DA:150,0
DA:151,0
DA:152,0
DA:154,0
DA:155,0
DA:156,0
DA:158,0
DA:159,0
DA:165,0
DA:168,0
DA:169,0
DA:170,0
DA:171,0
DA:173,0
DA:178,0
DA:179,0
DA:181,0
DA:184,0
DA:185,0
DA:187,0
DA:191,0
DA:192,0
DA:194,0
DA:198,0
DA:199,0
DA:200,0
DA:201,0
end_of_record
SF:C:/Users/alx/RustroverProjects/rustgraphics/game/target/debug/build/gl-911435f0f51c9b3b/out/bindings.rs
DA:9,695
DA:12,695
DA:13,695
DA:14,0
DA:15,0
DA:16,0
DA:19,695
DA:20,695
DA:1485,0
DA:1488,0
DA:1491,2
DA:1494,0
DA:1497,0
DA:1499,0
DA:1502,0
DA:1505,0
DA:1508,16002
DA:1511,0
DA:1514,0
DA:1516,0
DA:1518,0
DA:1521,0
DA:1524,0
DA:1526,0
DA:1528,0
DA:1530,0
DA:1532,0
DA:1534,0
DA:1536,0
DA:1538,0
DA:1541,0
DA:1543,0
DA:1545,0
DA:1547,0
DA:1550,8001
DA:1552,0
DA:1554,0
DA:1557,0
DA:1560,0
DA:1563,0
DA:1566,0
DA:1569,0
DA:1571,1
DA:1574,0
DA:1577,0
DA:1580,0
DA:1583,0
DA:1585,0
DA:1588,2
DA:1591,0
DA:1594,0
DA:1597,0
DA:1599,0
DA:1602,0
DA:1604,6
DA:1606,0
DA:1608,0
DA:1610,0
DA:1612,0
DA:1614,0
DA:1616,0
DA:1618,1
DA:1620,0
DA:1623,0
DA:1625,0
DA:1627,0
DA:1629,0
DA:1631,0
DA:1633,0
DA:1635,0
DA:1637,0
DA:1640,0
DA:1643,0
DA:1646,0
DA:1649,0
DA:1651,0
DA:1654,0
DA:1656,0
DA:1658,0
DA:1660,0
DA:1662,0
DA:1665,2
DA:1668,0
DA:1671,0
DA:1674,0
DA:1677,0
DA:1680,0
DA:1683,0
DA:1685,0
DA:1687,0
DA:1689,0
DA:1692,0
DA:1695,0
DA:1697,0
DA:1700,0
DA:1703,0
DA:1706,0
DA:1709,0
DA:1712,0
DA:1714,0
DA:1716,0
DA:1718,0
DA:1720,0
DA:1722,0
DA:1725,1
DA:1727,0
DA:1729,0
DA:1731,0
DA:1733,0
DA:1736,2
DA:1738,0
DA:1740,0
DA:1742,0
DA:1744,0
DA:1746,0
DA:1749,0
DA:1752,0
DA:1755,0
DA:1758,0
DA:1761,0
DA:1763,0
DA:1765,0
DA:1768,0
DA:1771,0
DA:1773,0
DA:1775,0
DA:1778,0
DA:1780,0
DA:1783,0
DA:1786,0
DA:1788,0
DA:1790,0
DA:1792,0
DA:1794,0
DA:1796,0
DA:1799,0
DA:1802,0
DA:1804,0
DA:1806,0
DA:1809,0
DA:1812,0
DA:1814,0
DA:1816,0
DA:1819,0
DA:1821,0
DA:1824,0
DA:1827,0
DA:1829,0
DA:1832,0
DA:1834,8000
DA:1837,0
DA:1839,0
DA:1842,0
DA:1845,0
DA:1848,0
DA:1851,0
DA:1854,0
DA:1857,0
DA:1860,0
DA:1863,0
DA:1865,0
DA:1867,0
DA:1869,3
DA:1871,0
DA:1874,2
DA:1877,0
DA:1880,0
DA:1883,0
DA:1885,0
DA:1888,0
DA:1891,0
DA:1893,0
DA:1895,0
DA:1898,0
DA:1900,0
DA:1902,0
DA:1905,0
DA:1908,0
DA:1911,0
DA:1914,0
DA:1917,0
DA:1920,0
DA:1922,0
DA:1925,2
DA:1928,0
DA:1930,0
DA:1933,0
DA:1936,0
DA:1938,0
DA:1940,0
DA:1943,0
DA:1946,1
DA:1949,0
DA:1951,0
DA:1953,0
DA:1956,0
DA:1958,0
DA:1960,0
DA:1962,0
DA:1965,0
DA:1967,0
DA:1969,0
DA:1971,0
DA:1973,0
DA:1975,0
DA:1978,0
DA:1981,0
DA:1983,0
DA:1985,0
DA:1988,0
DA:1991,0
DA:1994,0
DA:1997,0
DA:1999,0
DA:2001,0
DA:2004,0
DA:2007,0
DA:2009,0
DA:2011,0
DA:2014,0
DA:2016,0
DA:2019,0
DA:2022,0
DA:2025,0
DA:2027,0
DA:2030,0
DA:2032,0
DA:2035,0
DA:2038,0
DA:2040,0
DA:2042,0
DA:2044,0
DA:2047,0
DA:2049,0
DA:2051,0
DA:2053,0
DA:2055,0
DA:2057,0
DA:2059,0
DA:2061,0
DA:2064,0
DA:2067,0
DA:2070,0
DA:2073,0
DA:2075,0
DA:2077,0
DA:2079,0
DA:2081,0
DA:2083,0
DA:2085,0
DA:2087,0
DA:2089,0
DA:2091,0
DA:2093,0
DA:2095,0
DA:2097,0
DA:2099,0
DA:2101,0
DA:2103,0
DA:2105,0
DA:2108,0
DA:2111,0
DA:2114,0
DA:2117,0
DA:2120,0
DA:2123,0
DA:2126,0
DA:2129,0
DA:2131,0
DA:2133,0
DA:2135,0
DA:2137,0
DA:2140,0
DA:2142,0
DA:2144,0
DA:2146,0
DA:2148,0
DA:2150,0
DA:2153,0
DA:2155,0
DA:2157,0
DA:2159,0
DA:2162,0
DA:2165,0
DA:2167,0
DA:2169,0
DA:2171,0
DA:2173,0
DA:2175,0
DA:2177,0
DA:2179,0
DA:2181,0
DA:2183,0
DA:2185,0
DA:2188,0
DA:2190,0
DA:2192,0
DA:2194,0
DA:2196,0
DA:2198,0
DA:2201,24000
DA:2203,0
DA:2205,0
DA:2208,0
DA:2211,0
DA:2214,0
DA:2216,0
DA:2218,0
DA:2220,0
DA:2223,0
DA:2226,0
DA:2229,0
DA:2232,0
DA:2235,0
DA:2238,0
DA:2241,0
DA:2243,0
DA:2245,0
DA:2247,0
DA:2249,0
DA:2251,0
DA:2253,0
DA:2255,0
DA:2257,0
DA:2259,0
DA:2261,0
DA:2263,0
DA:2265,0
DA:2267,0
DA:2269,0
DA:2271,0
DA:2274,0
DA:2277,0
DA:2280,0
DA:2282,0
DA:2284,0
DA:2286,0
DA:2288,0
DA:2290,0
DA:2292,0
DA:2294,0
DA:2296,0
DA:2298,0
DA:2301,0
DA:2303,0
DA:2306,0
DA:2309,0
DA:2311,0
DA:2313,0
DA:2316,0
DA:2319,0
DA:2321,0
DA:2323,0
DA:2326,0
DA:2328,0
DA:2331,0
DA:2334,0
DA:2336,0
DA:2339,1
DA:2341,0
DA:2344,0
DA:2347,0
DA:2349,0
DA:2351,0
DA:2354,0
DA:2356,0
DA:2359,0
DA:2362,0
DA:2365,0
DA:2368,0
DA:2371,0
DA:2374,0
DA:2376,0
DA:2378,0
DA:2380,0
DA:2382,0
DA:2384,0
DA:2386,0
DA:2388,0
DA:2390,0
DA:2392,0
DA:2395,0
DA:2398,0
DA:2400,0
DA:2402,0
DA:2404,0
DA:2406,0
DA:2408,0
DA:2410,0
DA:2412,0
DA:2414,0
DA:2416,0
DA:2418,0
DA:2420,0
DA:2423,0
DA:2426,0
DA:2428,0
DA:2431,0
DA:2434,0
DA:2436,0
DA:2438,0
DA:2441,0
DA:2444,0
DA:2447,0
DA:2450,0
DA:2452,0
DA:2455,0
DA:2457,0
DA:2460,0
DA:2462,0
DA:2465,0
DA:2468,0
DA:2470,0
DA:2472,0
DA:2475,0
DA:2478,0
DA:2481,0
DA:2484,0
DA:2487,0
DA:2490,0
DA:2492,0
DA:2494,0
DA:2497,0
DA:2500,0
DA:2503,0
DA:2506,0
DA:2509,0
DA:2512,0
DA:2514,0
DA:2516,0
DA:2519,0
DA:2522,0
DA:2525,0
DA:2528,0
DA:2531,0
DA:2534,0
DA:2536,0
DA:2538,0
DA:2541,0
DA:2544,0
DA:2547,0
DA:2550,0
DA:2553,0
DA:2556,0
DA:2558,0
DA:2561,0
DA:2563,0
DA:2566,0
DA:2568,0
DA:2571,0
DA:2573,0
DA:2576,0
DA:2578,0
DA:2581,0
DA:2583,0
DA:2586,0
DA:2588,0
DA:2591,0
DA:2593,0
DA:2596,0
DA:2598,0
DA:2601,0
DA:2604,0
DA:2607,0
DA:2610,0
DA:2612,0
DA:2614,0
DA:2617,0
DA:2619,0
DA:2622,0
DA:2625,0
DA:2628,0
DA:2631,0
DA:2633,0
DA:2636,0
DA:2639,0
DA:2641,0
DA:2643,0
DA:2645,0
DA:2647,0
DA:2649,0
DA:2652,0
DA:2655,0
DA:2658,0
DA:2660,0
DA:2662,0
DA:2664,0
DA:2667,2
DA:2669,0
DA:2671,0
DA:2673,0
DA:2675,0
DA:2677,0
DA:2679,0
DA:2682,0
DA:2685,0
DA:2688,0
DA:2690,0
DA:2692,0
DA:2694,0
DA:2696,0
DA:2698,0
DA:2700,0
DA:2702,0
DA:2704,0
DA:2706,0
DA:2708,0
DA:2710,0
DA:2713,0
DA:2715,0
DA:2718,0
DA:2721,0
DA:2723,0
DA:2725,0
DA:2727,0
DA:2729,0
DA:2732,0
DA:2735,0
DA:2737,0
DA:2740,0
DA:2743,0
DA:2746,0
DA:2749,0
DA:2752,0
DA:2754,0
DA:2756,0
DA:2758,0
DA:2760,0
DA:2762,0
DA:2764,0
DA:2766,0
DA:2768,0
DA:2770,0
DA:2772,0
DA:2774,0
DA:2776,0
DA:2778,0
DA:2780,0
DA:2782,0
DA:2784,0
DA:2786,0
DA:2789,0
DA:2791,0
DA:2793,0
DA:2796,0
DA:2798,0
DA:2800,0
DA:2803,0
DA:2806,0
DA:2809,0
DA:2812,0
DA:2815,0
DA:2818,0
DA:2820,0
DA:2822,0
DA:2825,0
DA:2828,0
DA:2831,0
DA:2834,0
DA:2837,0
DA:2840,0
DA:2842,0
DA:2844,0
DA:2847,0
DA:2850,0
DA:2853,0
DA:2856,0
DA:2859,0
DA:2862,0
DA:2864,0
DA:2866,0
DA:2869,0
DA:2872,0
DA:2875,0
DA:2878,0
DA:2881,0
DA:2884,0
DA:2886,0
DA:2888,0
DA:2891,0
DA:2893,0
DA:2896,0
DA:2898,0
DA:2901,0
DA:2903,0
DA:2906,0
DA:2908,0
DA:2911,0
DA:2913,0
DA:2916,0
DA:2918,0
DA:2921,24000
DA:2923,0
DA:2926,0
DA:2928,0
DA:2931,0
DA:2933,0
DA:2936,0
DA:2938,0
DA:2941,32001
DA:2943,0
DA:2946,0
DA:2948,0
DA:2950,0
DA:2952,0
DA:2954,0
DA:2956,0
DA:2958,0
DA:2960,0
DA:2962,0
DA:2964,0
DA:2967,0
DA:2970,0
DA:2973,0
DA:2976,0
DA:2979,0
DA:2982,0
DA:2985,0
DA:2988,0
DA:2991,0
DA:2994,0
DA:2997,0
DA:3000,0
DA:3003,0
DA:3006,0
DA:3009,0
DA:3012,0
DA:3015,0
DA:3018,0
DA:3021,0
DA:3024,0
DA:3027,0
DA:3030,0
DA:3033,0
DA:3036,0
DA:3039,0
DA:3042,0
DA:3045,0
DA:3048,0
DA:3051,0
DA:3054,0
DA:3057,0
DA:3060,0
DA:3063,0
DA:3066,0
DA:3069,0
DA:3072,0
DA:3074,0
DA:3077,0
DA:3079,0
DA:3082,0
DA:3085,0
DA:3088,0
DA:3091,0
DA:3094,0
DA:3097,0
DA:3100,0
DA:3103,0
DA:3106,0
DA:3109,0
DA:3112,0
DA:3115,0
DA:3118,0
DA:3121,0
DA:3124,0
DA:3127,0
DA:3130,0
DA:3133,0
DA:3136,0
DA:3139,0
DA:3141,0
DA:3144,0
DA:3147,0
DA:3150,0
DA:3153,0
DA:3156,0
DA:3159,0
DA:3162,0
DA:3165,0
DA:3168,0
DA:3170,0
DA:3173,0
DA:3175,0
DA:3177,0
DA:3179,0
DA:3181,0
DA:3183,0
DA:3185,0
DA:3187,0
DA:3189,0
DA:3192,2
DA:3194,0
DA:3196,0
DA:3198,0
DA:3200,0
DA:3202,0
DA:3204,0
DA:3206,0
DA:3208,6
DA:3211,0
DA:3214,0
DA:3217,0
DA:3220,0
DA:3232,695
DA:3233,695
DA:3234,0
DA:3236,695
DA:3238,695
DA:6036,0
DA:6037,0
DA:6038,0
DA:6057,0
DA:6058,0
DA:6059,0
DA:6078,0
DA:6079,0
DA:6080,0
DA:6099,0
DA:6100,0
DA:6101,0
DA:6120,0
DA:6121,0
DA:6122,0
DA:6141,0
DA:6142,0
DA:6143,0
DA:6162,0
DA:6163,0
DA:6164,0
DA:6183,0
DA:6184,0
DA:6185,0
DA:6204,0
DA:6205,0
DA:6206,0
DA:6225,0
DA:6226,0
DA:6227,0
DA:6246,0
DA:6247,0
DA:6248,0
DA:6267,0
DA:6268,0
DA:6269,0
DA:6288,0
DA:6289,0
DA:6290,0
DA:6309,0
DA:6310,0
DA:6311,0
DA:6330,0
DA:6331,0
DA:6332,0
DA:6351,0
DA:6352,0
DA:6353,0
DA:6372,0
DA:6373,0
DA:6374,0
DA:6393,0
DA:6394,0
DA:6395,0
DA:6414,0
DA:6415,0
DA:6416,0
DA:6435,0
DA:6436,0
DA:6437,0
DA:6456,0
DA:6457,0
DA:6458,0
DA:6477,0
DA:6478,0
DA:6479,0
DA:6498,0
DA:6499,0
DA:6500,0
DA:6519,0
DA:6520,0
DA:6521,0
DA:6540,0
DA:6541,0
DA:6542,0
DA:6561,0
DA:6562,0
DA:6563,0
DA:6582,0
DA:6583,0
DA:6584,0
DA:6603,0
DA:6604,0
DA:6605,0
DA:6624,0
DA:6625,0
DA:6626,0
DA:6645,0
DA:6646,0
DA:6647,0
DA:6666,0
DA:6667,0
DA:6668,0
DA:6687,0
DA:6688,0
DA:6689,0
DA:6708,0
DA:6709,0
DA:6710,0
DA:6729,0
DA:6730,0
DA:6731,0
DA:6750,0
DA:6751,0
DA:6752,0
DA:6771,0
DA:6772,0
DA:6773,0
DA:6792,0
DA:6793,0
DA:6794,0
DA:6813,0
DA:6814,0
DA:6815,0
DA:6834,0
DA:6835,0
DA:6836,0
DA:6855,0
DA:6856,0
DA:6857,0
DA:6876,0
DA:6877,0
DA:6878,0
DA:6897,0
DA:6898,0
DA:6899,0
DA:6918,0
DA:6919,0
DA:6920,0
DA:6939,0
DA:6940,0
DA:6941,0
DA:6960,0
DA:6961,0
DA:6962,0
DA:6981,0
DA:6982,0
DA:6983,0
DA:7002,0
DA:7003,0
DA:7004,0
DA:7023,0
DA:7024,0
DA:7025,0
DA:7044,0
DA:7045,0
DA:7046,0
DA:7065,0
DA:7066,0
DA:7067,0
DA:7086,0
DA:7087,0
DA:7088,0
DA:7107,0
DA:7108,0
DA:7109,0
DA:7128,0
DA:7129,0
DA:7130,0
DA:7149,0
DA:7150,0
DA:7151,0
DA:7170,0
DA:7171,0
DA:7172,0
DA:7191,0
DA:7192,0
DA:7193,0
DA:7212,0
DA:7213,0
DA:7214,0
DA:7233,0
DA:7234,0
DA:7235,0
DA:7254,0
DA:7255,0
DA:7256,0
DA:7275,0
DA:7276,0
DA:7277,0
DA:7296,0
DA:7297,0
DA:7298,0
DA:7317,0
DA:7318,0
DA:7319,0
DA:7338,0
DA:7339,0
DA:7340,0
DA:7359,0
DA:7360,0
DA:7361,0
DA:7380,0
DA:7381,0
DA:7382,0
DA:7401,0
DA:7402,0
DA:7403,0
DA:7422,0
DA:7423,0
DA:7424,0
DA:7443,0
DA:7444,0
DA:7445,0
DA:7464,0
DA:7465,0
DA:7466,0
DA:7485,0
DA:7486,0
DA:7487,0
DA:7506,0
DA:7507,0
DA:7508,0
DA:7527,0
DA:7528,0
DA:7529,0
DA:7548,0
DA:7549,0
DA:7550,0
DA:7569,0
DA:7570,0
DA:7571,0
DA:7590,0
DA:7591,0
DA:7592,0
DA:7611,0
DA:7612,0
DA:7613,0
DA:7632,0
DA:7633,0
DA:7634,0
DA:7653,0
DA:7654,0
DA:7655,0
DA:7674,0
DA:7675,0
DA:7676,0
DA:7695,0
DA:7696,0
DA:7697,0
DA:7716,0
DA:7717,0
DA:7718,0
DA:7737,0
DA:7738,0
DA:7739,0
DA:7758,0
DA:7759,0
DA:7760,0
DA:7779,0
DA:7780,0
DA:7781,0
DA:7800,0
DA:7801,0
DA:7802,0
DA:7821,0
DA:7822,0
DA:7823,0
DA:7842,0
DA:7843,0
DA:7844,0
DA:7863,0
DA:7864,0
DA:7865,0
DA:7884,0
DA:7885,0
DA:7886,0
DA:7905,0
DA:7906,0
DA:7907,0
DA:7926,0
DA:7927,0
DA:7928,0
DA:7947,0
DA:7948,0
DA:7949,0
DA:7968,0
DA:7969,0
DA:7970,0
DA:7989,0
DA:7990,0
DA:7991,0
DA:8010,0
DA:8011,0
DA:8012,0
DA:8031,0
DA:8032,0
DA:8033,0
DA:8052,0
DA:8053,0
DA:8054,0
DA:8073,0
DA:8074,0
DA:8075,0
DA:8094,0
DA:8095,0
DA:8096,0
DA:8115,0
DA:8116,0
DA:8117,0
DA:8136,0
DA:8137,0
DA:8138,0
DA:8157,0
DA:8158,0
DA:8159,0
DA:8178,0
DA:8179,0
DA:8180,0
DA:8199,0
DA:8200,0
DA:8201,0
DA:8220,0
DA:8221,0
DA:8222,0
DA:8241,0
DA:8242,0
DA:8243,0
DA:8262,0
DA:8263,0
DA:8264,0
DA:8283,0
DA:8284,0
DA:8285,0
DA:8304,0
DA:8305,0
DA:8306,0
DA:8325,0
DA:8326,0
DA:8327,0
DA:8346,0
DA:8347,0
DA:8348,0
DA:8367,0
DA:8368,0
DA:8369,0
DA:8388,0
DA:8389,0
DA:8390,0
DA:8409,0
DA:8410,0
DA:8411,0
DA:8430,0
DA:8431,0
DA:8432,0
DA:8451,0
DA:8452,0
DA:8453,0
DA:8472,0
DA:8473,0
DA:8474,0
DA:8493,0
DA:8494,0
DA:8495,0
DA:8514,0
DA:8515,0
DA:8516,0
DA:8535,0
DA:8536,0
DA:8537,0
DA:8556,0
DA:8557,0
DA:8558,0
DA:8577,0
DA:8578,0
DA:8579,0
DA:8598,0
DA:8599,0
DA:8600,0
DA:8619,0
DA:8620,0
DA:8621,0
DA:8640,0
DA:8641,0
DA:8642,0
DA:8661,0
DA:8662,0
DA:8663,0
DA:8682,0
DA:8683,0
DA:8684,0
DA:8703,0
DA:8704,0
DA:8705,0
DA:8724,0
DA:8725,0
DA:8726,0
DA:8745,0
DA:8746,0
DA:8747,0
DA:8766,0
DA:8767,0
DA:8768,0
DA:8787,0
DA:8788,0
DA:8789,0
DA:8808,0
DA:8809,0
DA:8810,0
DA:8829,0
DA:8830,0
DA:8831,0
DA:8850,0
DA:8851,0
DA:8852,0
DA:8871,0
DA:8872,0
DA:8873,0
DA:8892,0
DA:8893,0
DA:8894,0
DA:8913,0
DA:8914,0
DA:8915,0
DA:8934,0
DA:8935,0
DA:8936,0
DA:8955,0
DA:8956,0
DA:8957,0
DA:8976,0
DA:8977,0
DA:8978,0
DA:8997,0
DA:8998,0
DA:8999,0
DA:9018,0
DA:9019,0
DA:9020,0
DA:9039,0
DA:9040,0
DA:9041,0
DA:9060,0
DA:9061,0
DA:9062,0
DA:9081,0
DA:9082,0
DA:9083,0
DA:9102,0
DA:9103,0
DA:9104,0
DA:9123,0
DA:9124,0
DA:9125,0
DA:9144,0
DA:9145,0
DA:9146,0
DA:9165,0
DA:9166,0
DA:9167,0
DA:9186,0
DA:9187,0
DA:9188,0
DA:9207,0
DA:9208,0
DA:9209,0
DA:9228,0
DA:9229,0
DA:9230,0
DA:9249,0
DA:9250,0
DA:9251,0
DA:9270,0
DA:9271,0
DA:9272,0
DA:9291,0
DA:9292,0
DA:9293,0
DA:9312,0
DA:9313,0
DA:9314,0
DA:9333,0
DA:9334,0
DA:9335,0
DA:9354,0
DA:9355,0
DA:9356,0
DA:9375,0
DA:9376,0
DA:9377,0
DA:9396,0
DA:9397,0
DA:9398,0
DA:9417,0
DA:9418,0
DA:9419,0
DA:9438,0
DA:9439,0
DA:9440,0
DA:9459,0
DA:9460,0
DA:9461,0
DA:9480,0
DA:9481,0
DA:9482,0
DA:9501,0
DA:9502,0
DA:9503,0
DA:9522,0
DA:9523,0
DA:9524,0
DA:9543,0
DA:9544,0
DA:9545,0
DA:9564,0
DA:9565,0
DA:9566,0
DA:9585,0
DA:9586,0
DA:9587,0
DA:9606,0
DA:9607,0
DA:9608,0
DA:9627,0
DA:9628,0
DA:9629,0
DA:9648,0
DA:9649,0
DA:9650,0
DA:9669,0
DA:9670,0
DA:9671,0
DA:9690,0
DA:9691,0
DA:9692,0
DA:9711,0
DA:9712,0
DA:9713,0
DA:9732,0
DA:9733,0
DA:9734,0
DA:9753,0
DA:9754,0
DA:9755,0
DA:9774,0
DA:9775,0
DA:9776,0
DA:9795,0
DA:9796,0
DA:9797,0
DA:9816,0
DA:9817,0
DA:9818,0
DA:9837,0
DA:9838,0
DA:9839,0
DA:9858,0
DA:9859,0
DA:9860,0
DA:9879,0
DA:9880,0
DA:9881,0
DA:9900,0
DA:9901,0
DA:9902,0
DA:9921,0
DA:9922,0
DA:9923,0
DA:9942,0
DA:9943,0
DA:9944,0
DA:9963,0
DA:9964,0
DA:9965,0
DA:9984,0
DA:9985,0
DA:9986,0
DA:10005,0
DA:10006,0
DA:10007,0
DA:10026,0
DA:10027,0
DA:10028,0
DA:10047,0
DA:10048,0
DA:10049,0
DA:10068,0
DA:10069,0
DA:10070,0
DA:10089,0
DA:10090,0
DA:10091,0
DA:10110,0
DA:10111,0
DA:10112,0
DA:10131,0
DA:10132,0
DA:10133,0
DA:10152,0
DA:10153,0
DA:10154,0
DA:10173,0
DA:10174,0
DA:10175,0
DA:10194,0
DA:10195,0
DA:10196,0
DA:10215,0
DA:10216,0
DA:10217,0
DA:10236,0
DA:10237,0
DA:10238,0
DA:10257,0
DA:10258,0
DA:10259,0
DA:10278,0
DA:10279,0
DA:10280,0
DA:10299,0
DA:10300,0
DA:10301,0
DA:10320,0
DA:10321,0
DA:10322,0
DA:10341,0
DA:10342,0
DA:10343,0
DA:10362,0
DA:10363,0
DA:10364,0
DA:10383,0
DA:10384,0
DA:10385,0
DA:10404,0
DA:10405,0
DA:10406,0
DA:10425,0
DA:10426,0
DA:10427,0
DA:10446,0
DA:10447,0
DA:10448,0
DA:10467,0
DA:10468,0
DA:10469,0
DA:10488,0
DA:10489,0
DA:10490,0
DA:10509,0
DA:10510,0
DA:10511,0
DA:10530,0
DA:10531,0
DA:10532,0
DA:10551,0
DA:10552,0
DA:10553,0
DA:10572,0
DA:10573,0
DA:10574,0
DA:10593,0
DA:10594,0
DA:10595,0
DA:10614,0
DA:10615,0
DA:10616,0
DA:10635,0
DA:10636,0
DA:10637,0
DA:10656,0
DA:10657,0
DA:10658,0
DA:10677,0
DA:10678,0
DA:10679,0
DA:10698,0
DA:10699,0
DA:10700,0
DA:10719,0
DA:10720,0
DA:10721,0
DA:10740,0
DA:10741,0
DA:10742,0
DA:10761,0
DA:10762,0
DA:10763,0
DA:10782,0
DA:10783,0
DA:10784,0
DA:10803,0
DA:10804,0
DA:10805,0
DA:10824,0
DA:10825,0
DA:10826,0
DA:10845,0
DA:10846,0
DA:10847,0
DA:10866,0
DA:10867,0
DA:10868,0
DA:10887,0
DA:10888,0
DA:10889,0
DA:10908,0
DA:10909,0
DA:10910,0
DA:10929,0
DA:10930,0
DA:10931,0
DA:10950,0
DA:10951,0
DA:10952,0
DA:10971,0
DA:10972,0
DA:10973,0
DA:10992,0
DA:10993,0
DA:10994,0
DA:11013,0
DA:11014,0
DA:11015,0
DA:11034,0
DA:11035,0
DA:11036,0
DA:11055,0
DA:11056,0
DA:11057,0
DA:11076,0
DA:11077,0
DA:11078,0
DA:11097,0
DA:11098,0
DA:11099,0
DA:11118,0
DA:11119,0
DA:11120,0
DA:11139,0
DA:11140,0
DA:11141,0
DA:11160,0
DA:11161,0
DA:11162,0
DA:11181,0
DA:11182,0
DA:11183,0
DA:11202,0
DA:11203,0
DA:11204,0
DA:11223,0
DA:11224,0
DA:11225,0
DA:11244,0
DA:11245,0
DA:11246,0
DA:11265,0
DA:11266,0
DA:11267,0
DA:11286,0
DA:11287,0
DA:11288,0
DA:11307,0
DA:11308,0
DA:11309,0
DA:11328,0
DA:11329,0
DA:11330,0
DA:11349,0
DA:11350,0
DA:11351,0
DA:11370,0
DA:11371,0
DA:11372,0
DA:11391,0
DA:11392,0
DA:11393,0
DA:11412,0
DA:11413,0
DA:11414,0
DA:11433,0
DA:11434,0
DA:11435,0
DA:11454,0
DA:11455,0
DA:11456,0
DA:11475,0
DA:11476,0
DA:11477,0
DA:11496,0
DA:11497,0
DA:11498,0
DA:11517,0
DA:11518,0
DA:11519,0
DA:11538,0
DA:11539,0
DA:11540,0
DA:11559,0
DA:11560,0
DA:11561,0
DA:11580,0
DA:11581,0
DA:11582,0
DA:11601,0
DA:11602,0
DA:11603,0
DA:11622,0
DA:11623,0
DA:11624,0
DA:11643,0
DA:11644,0
DA:11645,0
DA:11664,0
DA:11665,0
DA:11666,0
DA:11685,0
DA:11686,0
DA:11687,0
DA:11706,0
DA:11707,0
DA:11708,0
DA:11727,0
DA:11728,0
DA:11729,0
DA:11748,0
DA:11749,0
DA:11750,0
DA:11769,0
DA:11770,0
DA:11771,0
DA:11790,0
DA:11791,0
DA:11792,0
DA:11811,0
DA:11812,0
DA:11813,0
DA:11832,0
DA:11833,0
DA:11834,0
DA:11853,0
DA:11854,0
DA:11855,0
DA:11874,0
DA:11875,0
DA:11876,0
DA:11895,0
DA:11896,0
DA:11897,0
DA:11916,0
DA:11917,0
DA:11918,0
DA:11937,0
DA:11938,0
DA:11939,0
DA:11958,0
DA:11959,0
DA:11960,0
DA:11979,0
DA:11980,0
DA:11981,0
DA:12000,0
DA:12001,0
DA:12002,0
DA:12021,0
DA:12022,0
DA:12023,0
DA:12042,0
DA:12043,0
DA:12044,0
DA:12063,0
DA:12064,0
DA:12065,0
DA:12084,0
DA:12085,0
DA:12086,0
DA:12105,0
DA:12106,0
DA:12107,0
DA:12126,0
DA:12127,0
DA:12128,0
DA:12147,0
DA:12148,0
DA:12149,0
DA:12168,0
DA:12169,0
DA:12170,0
DA:12189,0
DA:12190,0
DA:12191,0
DA:12210,0
DA:12211,0
DA:12212,0
DA:12231,0
DA:12232,0
DA:12233,0
DA:12252,0
DA:12253,0
DA:12254,0
DA:12273,0
DA:12274,0
DA:12275,0
DA:12294,0
DA:12295,0
DA:12296,0
DA:12315,0
DA:12316,0
DA:12317,0
DA:12336,0
DA:12337,0
DA:12338,0
DA:12357,0
DA:12358,0
DA:12359,0
DA:12378,0
DA:12379,0
DA:12380,0
DA:12399,0
DA:12400,0
DA:12401,0
DA:12420,0
DA:12421,0
DA:12422,0
DA:12441,0
DA:12442,0
DA:12443,0
DA:12462,0
DA:12463,0
DA:12464,0
DA:12483,0
DA:12484,0
DA:12485,0
DA:12504,0
DA:12505,0
DA:12506,0
DA:12525,0
DA:12526,0
DA:12527,0
DA:12546,0
DA:12547,0
DA:12548,0
DA:12567,0
DA:12568,0
DA:12569,0
DA:12588,0
DA:12589,0
DA:12590,0
DA:12609,0
DA:12610,0
DA:12611,0
DA:12630,0
DA:12631,0
DA:12632,0
DA:12651,0
DA:12652,0
DA:12653,0
DA:12672,0
DA:12673,0
DA:12674,0
DA:12693,0
DA:12694,0
DA:12695,0
DA:12714,0
DA:12715,0
DA:12716,0
DA:12735,0
DA:12736,0
DA:12737,0
DA:12756,0
DA:12757,0
DA:12758,0
DA:12777,0
DA:12778,0
DA:12779,0
DA:12798,0
DA:12799,0
DA:12800,0
DA:12819,0
DA:12820,0
DA:12821,0
DA:12840,0
DA:12841,0
DA:12842,0
DA:12861,0
DA:12862,0
DA:12863,0
DA:12882,0
DA:12883,0
DA:12884,0
DA:12903,0
DA:12904,0
DA:12905,0
DA:12924,0
DA:12925,0
DA:12926,0
DA:12945,0
DA:12946,0
DA:12947,0
DA:12966,0
DA:12967,0
DA:12968,0
DA:12987,0
DA:12988,0
DA:12989,0
DA:13008,0
DA:13009,0
DA:13010,0
DA:13029,0
DA:13030,0
DA:13031,0
DA:13050,0
DA:13051,0
DA:13052,0
DA:13071,0
DA:13072,0
DA:13073,0
DA:13092,0
DA:13093,0
DA:13094,0
DA:13113,0
DA:13114,0
DA:13115,0
DA:13134,0
DA:13135,0
DA:13136,0
DA:13155,0
DA:13156,0
DA:13157,0
DA:13176,0
DA:13177,0
DA:13178,0
DA:13197,0
DA:13198,0
DA:13199,0
DA:13218,0
DA:13219,0
DA:13220,0
DA:13239,0
DA:13240,0
DA:13241,0
DA:13260,0
DA:13261,0
DA:13262,0
DA:13281,0
DA:13282,0
DA:13283,0
DA:13302,0
DA:13303,0
DA:13304,0
DA:13323,0
DA:13324,0
DA:13325,0
DA:13344,0
DA:13345,0
DA:13346,0
DA:13365,0
DA:13366,0
DA:13367,0
DA:13386,0
DA:13387,0
DA:13388,0
DA:13407,0
DA:13408,0
DA:13409,0
DA:13428,0
DA:13429,0
DA:13430,0
DA:13449,0
DA:13450,0
DA:13451,0
DA:13470,0
DA:13471,0
DA:13472,0
DA:13491,0
DA:13492,0
DA:13493,0
DA:13512,0
DA:13513,0
DA:13514,0
DA:13533,0
DA:13534,0
DA:13535,0
DA:13554,0
DA:13555,0
DA:13556,0
DA:13575,0
DA:13576,0
DA:13577,0
DA:13596,0
DA:13597,0
DA:13598,0
DA:13617,0
DA:13618,0
DA:13619,0
DA:13638,0
DA:13639,0
DA:13640,0
DA:13659,0
DA:13660,0
DA:13661,0
DA:13680,0
DA:13681,0
DA:13682,0
DA:13701,0
DA:13702,0
DA:13703,0
DA:13722,0
DA:13723,0
DA:13724,0
DA:13743,0
DA:13744,0
DA:13745,0
DA:13764,0
DA:13765,0
DA:13766,0
DA:13785,0
DA:13786,0
DA:13787,0
DA:13806,0
DA:13807,0
DA:13808,0
DA:13827,0
DA:13828,0
DA:13829,0
DA:13848,0
DA:13849,0
DA:13850,0
DA:13869,0
DA:13870,0
DA:13871,0
DA:13890,0
DA:13891,0
DA:13892,0
DA:13911,0
DA:13912,0
DA:13913,0
DA:13932,0
DA:13933,0
DA:13934,0
DA:13953,0
DA:13954,0
DA:13955,0
DA:13974,0
DA:13975,0
DA:13976,0
DA:13995,0
DA:13996,0
DA:13997,0
DA:14016,0
DA:14017,0
DA:14018,0
DA:14037,0
DA:14038,0
DA:14039,0
DA:14058,0
DA:14059,0
DA:14060,0
DA:14079,0
DA:14080,0
DA:14081,0
DA:14100,0
DA:14101,0
DA:14102,0
DA:14121,0
DA:14122,0
DA:14123,0
DA:14142,0
DA:14143,0
DA:14144,0
DA:14163,0
DA:14164,0
DA:14165,0
DA:14184,0
DA:14185,0
DA:14186,0
DA:14205,0
DA:14206,0
DA:14207,0
DA:14226,0
DA:14227,0
DA:14228,0
DA:14247,0
DA:14248,0
DA:14249,0
DA:14268,0
DA:14269,0
DA:14270,0
DA:14289,0
DA:14290,0
DA:14291,0
DA:14310,0
DA:14311,0
DA:14312,0
DA:14331,0
DA:14332,0
DA:14333,0
DA:14352,0
DA:14353,0
DA:14354,0
DA:14373,0
DA:14374,0
DA:14375,0
DA:14394,0
DA:14395,0
DA:14396,0
DA:14415,0
DA:14416,0
DA:14417,0
DA:14436,0
DA:14437,0
DA:14438,0
DA:14457,0
DA:14458,0
DA:14459,0
DA:14478,0
DA:14479,0
DA:14480,0
DA:14499,0
DA:14500,0
DA:14501,0
DA:14520,0
DA:14521,0
DA:14522,0
DA:14541,0
DA:14542,0
DA:14543,0
DA:14562,0
DA:14563,0
DA:14564,0
DA:14583,0
DA:14584,0
DA:14585,0
DA:14604,0
DA:14605,0
DA:14606,0
DA:14625,0
DA:14626,0
DA:14627,0
DA:14646,0
DA:14647,0
DA:14648,0
DA:14667,0
DA:14668,0
DA:14669,0
DA:14688,0
DA:14689,0
DA:14690,0
DA:14709,0
DA:14710,0
DA:14711,0
DA:14730,0
DA:14731,0
DA:14732,0
DA:14751,0
DA:14752,0
DA:14753,0
DA:14772,0
DA:14773,0
DA:14774,0
DA:14793,0
DA:14794,0
DA:14795,0
DA:14814,0
DA:14815,0
DA:14816,0
DA:14835,0
DA:14836,0
DA:14837,0
DA:14856,0
DA:14857,0
DA:14858,0
DA:14877,0
DA:14878,0
DA:14879,0
DA:14898,0
DA:14899,0
DA:14900,0
DA:14919,0
DA:14920,0
DA:14921,0
DA:14940,0
DA:14941,0
DA:14942,0
DA:14961,0
DA:14962,0
DA:14963,0
DA:14982,0
DA:14983,0
DA:14984,0
DA:15003,0
DA:15004,0
DA:15005,0
DA:15024,0
DA:15025,0
DA:15026,0
DA:15045,0
DA:15046,0
DA:15047,0
DA:15066,0
DA:15067,0
DA:15068,0
DA:15087,0
DA:15088,0
DA:15089,0
DA:15108,0
DA:15109,0
DA:15110,0
DA:15129,0
DA:15130,0
DA:15131,0
DA:15150,0
DA:15151,0
DA:15152,0
DA:15171,0
DA:15172,0
DA:15173,0
DA:15192,0
DA:15193,0
DA:15194,0
DA:15213,0
DA:15214,0
DA:15215,0
DA:15234,0
DA:15235,0
DA:15236,0
DA:15255,0
DA:15256,0
DA:15257,0
DA:15276,0
DA:15277,0
DA:15278,0
DA:15297,0
DA:15298,0
DA:15299,0
DA:15318,0
DA:15319,0
DA:15320,0
DA:15339,0
DA:15340,0
DA:15341,0
DA:15360,0
DA:15361,0
DA:15362,0
DA:15381,0
DA:15382,0
DA:15383,0
DA:15402,0
DA:15403,0
DA:15404,0
DA:15423,0
DA:15424,0
DA:15425,0
DA:15444,0
DA:15445,0
DA:15446,0
DA:15465,0
DA:15466,0
DA:15467,0
DA:15486,0
DA:15487,0
DA:15488,0
DA:15507,0
DA:15508,0
DA:15509,0
DA:15528,0
DA:15529,0
DA:15530,0
DA:15549,0
DA:15550,0
DA:15551,0
DA:15570,0
DA:15571,0
DA:15572,0
DA:15591,0
DA:15592,0
DA:15593,0
DA:15612,0
DA:15613,0
DA:15614,0
DA:15633,0
DA:15634,0
DA:15635,0
DA:15654,0
DA:15655,0
DA:15656,0
DA:15675,0
DA:15676,0
DA:15677,0
DA:15696,0
DA:15697,0
DA:15698,0
DA:15717,0
DA:15718,0
DA:15719,0
DA:15738,0
DA:15739,0
DA:15740,0
DA:15759,0
DA:15760,0
DA:15761,0
DA:15780,0
DA:15781,0
DA:15782,0
DA:15801,0
DA:15802,0
DA:15803,0
DA:15822,0
DA:15823,0
DA:15824,0
DA:15843,0
DA:15844,0
DA:15845,0
DA:15864,0
DA:15865,0
DA:15866,0
DA:15885,0
DA:15886,0
DA:15887,0
DA:15906,0
DA:15907,0
DA:15908,0
DA:15927,0
DA:15928,0
DA:15929,0
DA:15948,0
DA:15949,0
DA:15950,0
DA:15969,0
DA:15970,0
DA:15971,0
DA:15990,0
DA:15991,0
DA:15992,0
DA:16011,0
DA:16012,0
DA:16013,0
DA:16032,0
DA:16033,0
DA:16034,0
DA:16053,0
DA:16054,0
DA:16055,0
DA:16074,0
DA:16075,0
DA:16076,0
DA:16095,0
DA:16096,0
DA:16097,0
DA:16116,0
DA:16117,0
DA:16118,0
DA:16137,0
DA:16138,0
DA:16139,0
DA:16158,0
DA:16159,0
DA:16160,0
DA:16179,0
DA:16180,0
DA:16181,0
DA:16200,0
DA:16201,0
DA:16202,0
DA:16221,0
DA:16222,0
DA:16223,0
DA:16242,0
DA:16243,0
DA:16244,0
DA:16263,0
DA:16264,0
DA:16265,0
DA:16284,0
DA:16285,0
DA:16286,0
DA:16305,0
DA:16306,0
DA:16307,0
DA:16326,0
DA:16327,0
DA:16328,0
DA:16347,0
DA:16348,0
DA:16349,0
DA:16368,0
DA:16369,0
DA:16370,0
DA:16389,0
DA:16390,0
DA:16391,0
DA:16410,0
DA:16411,0
DA:16412,0
DA:16431,0
DA:16432,0
DA:16433,0
DA:16452,0
DA:16453,0
DA:16454,0
DA:16473,0
DA:16474,0
DA:16475,0
DA:16494,0
DA:16495,0
DA:16496,0
DA:16515,0
DA:16516,0
DA:16517,0
DA:16536,0
DA:16537,0
DA:16538,0
DA:16557,0
DA:16558,0
DA:16559,0
DA:16578,0
DA:16579,0
DA:16580,0
DA:16599,0
DA:16600,0
DA:16601,0
DA:16620,0
DA:16621,0
DA:16622,0
DA:16641,0
DA:16642,0
DA:16643,0
DA:16662,0
DA:16663,0
DA:16664,0
DA:16683,0
DA:16684,0
DA:16685,0
DA:16704,0
DA:16705,0
DA:16706,0
DA:16725,0
DA:16726,0
DA:16727,0
DA:16746,0
DA:16747,0
DA:16748,0
DA:16767,0
DA:16768,0
DA:16769,0
DA:16788,0
DA:16789,0
DA:16790,0
DA:16809,0
DA:16810,0
DA:16811,0
DA:16830,0
DA:16831,0
DA:16832,0
DA:16851,0
DA:16852,0
DA:16853,0
DA:16872,0
DA:16873,0
DA:16874,0
DA:16893,0
DA:16894,0
DA:16895,0
DA:16914,0
DA:16915,0
DA:16916,0
DA:16935,0
DA:16936,0
DA:16937,0
DA:16956,0
DA:16957,0
DA:16958,0
DA:16977,0
DA:16978,0
DA:16979,0
DA:16998,0
DA:16999,0
DA:17000,0
DA:17019,0
DA:17020,0
DA:17021,0
DA:17040,0
DA:17041,0
DA:17042,0
DA:17061,0
DA:17062,0
DA:17063,0
DA:17082,0
DA:17083,0
DA:17084,0
DA:17103,0
DA:17104,0
DA:17105,0
DA:17124,0
DA:17125,0
DA:17126,0
DA:17145,0
DA:17146,0
DA:17147,0
DA:17166,0
DA:17167,0
DA:17168,0
DA:17187,0
DA:17188,0
DA:17189,0
DA:17208,0
DA:17209,0
DA:17210,0
DA:17229,0
DA:17230,0
DA:17231,0
DA:17250,0
DA:17251,0
DA:17252,0
DA:17271,0
DA:17272,0
DA:17273,0
DA:17292,0
DA:17293,0
DA:17294,0
DA:17313,0
DA:17314,0
DA:17315,0
DA:17334,0
DA:17335,0
DA:17336,0
DA:17355,0
DA:17356,0
DA:17357,0
DA:17376,0
DA:17377,0
DA:17378,0
DA:17397,0
DA:17398,0
DA:17399,0
DA:17418,0
DA:17419,0
DA:17420,0
DA:17439,0
DA:17440,0
DA:17441,0
DA:17460,0
DA:17461,0
DA:17462,0
DA:17481,0
DA:17482,0
DA:17483,0
DA:17502,0
DA:17503,0
DA:17504,0
DA:17523,0
DA:17524,0
DA:17525,0
DA:17544,0
DA:17545,0
DA:17546,0
DA:17565,0
DA:17566,0
DA:17567,0
DA:17586,0
DA:17587,0
DA:17588,0
DA:17607,0
DA:17608,0
DA:17609,0
DA:17628,0
DA:17629,0
DA:17630,0
DA:17649,0
DA:17650,0
DA:17651,0
DA:17670,0
DA:17671,0
DA:17672,0
DA:17691,0
DA:17692,0
DA:17693,0
DA:17712,0
DA:17713,0
DA:17714,0
DA:17733,0
DA:17734,0
DA:17735,0
DA:17754,0
DA:17755,0
DA:17756,0
DA:17775,0
DA:17776,0
DA:17777,0
DA:17796,0
DA:17797,0
DA:17798,0
DA:17817,0
DA:17818,0
DA:17819,0
DA:17838,0
DA:17839,0
DA:17840,0
DA:17859,0
DA:17860,0
DA:17861,0
DA:17880,0
DA:17881,0
DA:17882,0
DA:17901,0
DA:17902,0
DA:17903,0
DA:17922,0
DA:17923,0
DA:17924,0
DA:17943,0
DA:17944,0
DA:17945,0
DA:17964,0
DA:17965,0
DA:17966,0
DA:17985,0
DA:17986,0
DA:17987,0
DA:18006,0
DA:18007,0
DA:18008,0
DA:18027,0
DA:18028,0
DA:18029,0
DA:18048,0
DA:18049,0
DA:18050,0
DA:18069,0
DA:18070,0
DA:18071,0
DA:18090,0
DA:18091,0
DA:18092,0
DA:18111,0
DA:18112,0
DA:18113,0
DA:18132,0
DA:18133,0
DA:18134,0
DA:18153,0
DA:18154,0
DA:18155,0
DA:18174,0
DA:18175,0
DA:18176,0
DA:18195,0
DA:18196,0
DA:18197,0
DA:18216,0
DA:18217,0
DA:18218,0
DA:18237,0
DA:18238,0
DA:18239,0
DA:18258,0
DA:18259,0
DA:18260,0
DA:18279,0
DA:18280,0
DA:18281,0
DA:18300,0
DA:18301,0
DA:18302,0
DA:18321,0
DA:18322,0
DA:18323,0
DA:18342,0
DA:18343,0
DA:18344,0
DA:18363,0
DA:18364,0
DA:18365,0
DA:18384,0
DA:18385,0
DA:18386,0
DA:18405,0
DA:18406,0
DA:18407,0
DA:18426,0
DA:18427,0
DA:18428,0
DA:18447,0
DA:18448,0
DA:18449,0
DA:18468,0
DA:18469,0
DA:18470,0
DA:18489,0
DA:18490,0
DA:18491,0
DA:18510,0
DA:18511,0
DA:18512,0
DA:18531,0
DA:18532,0
DA:18533,0
DA:18552,0
DA:18553,0
DA:18554,0
DA:18573,0
DA:18574,0
DA:18575,0
DA:18594,0
DA:18595,0
DA:18596,0
DA:18615,0
DA:18616,0
DA:18617,0
DA:18636,0
DA:18637,0
DA:18638,0
DA:18657,0
DA:18658,0
DA:18659,0
DA:18678,0
DA:18679,0
DA:18680,0
DA:18699,0
DA:18700,0
DA:18701,0
DA:18720,0
DA:18721,0
DA:18722,0
DA:18741,0
DA:18742,0
DA:18743,0
DA:18762,0
DA:18763,0
DA:18764,0
DA:18783,0
DA:18784,0
DA:18785,0
DA:18804,0
DA:18805,0
DA:18806,0
DA:18825,0
DA:18826,0
DA:18827,0
DA:18846,0
DA:18847,0
DA:18848,0
DA:18867,0
DA:18868,0
DA:18869,0
DA:18888,0
DA:18889,0
DA:18890,0
DA:18909,0
DA:18910,0
DA:18911,0
DA:18930,0
DA:18931,0
DA:18932,0
DA:18951,0
DA:18952,0
DA:18953,0
DA:18972,0
DA:18973,0
DA:18974,0
DA:18993,0
DA:18994,0
DA:18995,0
DA:19014,0
DA:19015,0
DA:19016,0
DA:19035,0
DA:19036,0
DA:19037,0
DA:19056,0
DA:19057,0
DA:19058,0
DA:19077,0
DA:19078,0
DA:19079,0
DA:19098,0
DA:19099,0
DA:19100,0
DA:19119,0
DA:19120,0
DA:19121,0
DA:19140,0
DA:19141,0
DA:19142,0
DA:19161,0
DA:19162,0
DA:19163,0
DA:19182,0
DA:19183,0
DA:19184,0
DA:19203,0
DA:19204,0
DA:19205,0
DA:19224,0
DA:19225,0
DA:19226,0
DA:19245,0
DA:19246,0
DA:19247,0
DA:19266,0
DA:19267,0
DA:19268,0
DA:19287,0
DA:19288,0
DA:19289,0
DA:19308,0
DA:19309,0
DA:19310,0
DA:19329,0
DA:19330,0
DA:19331,0
DA:19350,0
DA:19351,0
DA:19352,0
DA:19371,0
DA:19372,0
DA:19373,0
DA:19392,0
DA:19393,0
DA:19394,0
DA:19413,0
DA:19414,0
DA:19415,0
DA:19434,0
DA:19435,0
DA:19436,0
DA:19455,0
DA:19456,0
DA:19457,0
DA:19476,0
DA:19477,0
DA:19478,0
DA:19497,0
DA:19498,0
DA:19499,0
DA:19518,0
DA:19519,0
DA:19520,0
DA:19539,0
DA:19540,0
DA:19541,0
DA:19560,0
DA:19561,0
DA:19562,0
DA:19581,0
DA:19582,0
DA:19583,0
DA:19602,0
DA:19603,0
DA:19604,0
DA:19623,0
DA:19624,0
DA:19625,0
DA:19644,0
DA:19645,0
DA:19646,0
DA:19665,0
DA:19666,0
DA:19667,0
DA:19686,0
DA:19687,0
DA:19688,0
DA:19707,0
DA:19708,0
DA:19709,0
DA:19728,0
DA:19729,0
DA:19730,0
DA:19749,0
DA:19750,0
DA:19751,0
DA:19770,0
DA:19771,0
DA:19772,0
DA:19791,0
DA:19792,0
DA:19793,0
DA:19812,0
DA:19813,0
DA:19814,0
DA:19833,0
DA:19834,0
DA:19835,0
DA:19854,0
DA:19855,0
DA:19856,0
DA:19875,0
DA:19876,0
DA:19877,0
DA:19896,0
DA:19897,0
DA:19898,0
DA:19917,0
DA:19918,0
DA:19919,0
DA:19938,0
DA:19939,0
DA:19940,0
DA:19959,0
DA:19960,0
DA:19961,0
DA:19980,0
DA:19981,0
DA:19982,0
DA:20001,0
DA:20002,0
DA:20003,0
DA:20022,0
DA:20023,0
DA:20024,0
DA:20043,0
DA:20044,0
DA:20045,0
DA:20064,0
DA:20065,0
DA:20066,0
DA:20085,0
DA:20086,0
DA:20087,0
DA:20106,0
DA:20107,0
DA:20108,0
DA:20127,0
DA:20128,0
DA:20129,0
DA:20148,0
DA:20149,0
DA:20150,0
DA:20169,0
DA:20170,0
DA:20171,0
DA:20190,0
DA:20191,0
DA:20192,0
DA:20211,0
DA:20212,0
DA:20213,0
DA:20232,0
DA:20233,0
DA:20234,0
DA:20253,0
DA:20254,0
DA:20255,0
DA:20274,0
DA:20275,0
DA:20276,0
DA:20295,0
DA:20296,0
DA:20297,0
DA:20316,0
DA:20317,0
DA:20318,0
DA:20337,0
DA:20338,0
DA:20339,0
DA:20358,0
DA:20359,0
DA:20360,0
DA:20379,0
DA:20380,0
DA:20381,0
DA:20400,0
DA:20401,0
DA:20402,0
DA:20421,0
DA:20422,0
DA:20423,0
DA:20442,0
DA:20443,0
DA:20444,0
DA:20463,0
DA:20464,0
DA:20465,0
DA:20484,0
DA:20485,0
DA:20486,0
DA:20505,0
DA:20506,0
DA:20507,0
DA:20526,0
DA:20527,0
DA:20528,0
DA:20547,0
DA:20548,0
DA:20549,0
DA:20568,0
DA:20569,0
DA:20570,0
DA:20589,0
DA:20590,0
DA:20591,0
DA:20610,0
DA:20611,0
DA:20612,0
DA:20623,0
DA:20624,0
DA:20636,1
DA:20638,1
DA:20639,1
DA:20640,1
DA:20641,1
DA:20642,1
DA:20643,1
DA:20644,1
DA:20645,1
DA:20646,1
DA:20647,1
DA:20648,1
DA:20649,1
DA:20650,1
DA:20651,1
DA:20652,1
DA:20653,1
DA:20654,1
DA:20655,1
DA:20656,1
DA:20657,1
DA:20658,1
DA:20659,1
DA:20660,1
DA:20661,1
DA:20662,1
DA:20663,1
DA:20664,1
DA:20665,1
DA:20666,1
DA:20667,1
DA:20668,1
DA:20669,1
DA:20670,1
DA:20671,1
DA:20672,1
DA:20673,1
DA:20674,1
DA:20675,1
DA:20676,1
DA:20677,1
DA:20678,1
DA:20679,1
DA:20680,1
DA:20681,1
DA:20682,1
DA:20683,1
DA:20684,1
DA:20685,1
DA:20686,1
DA:20687,1
DA:20688,1
DA:20689,1
DA:20690,1
DA:20691,1
DA:20692,1
DA:20693,1
DA:20694,1
DA:20695,1
DA:20696,1
DA:20697,1
DA:20698,1
DA:20699,1
DA:20700,1
DA:20701,1
DA:20702,1
DA:20703,1
DA:20704,1
DA:20705,1
DA:20706,1
DA:20707,1
DA:20708,1
DA:20709,1
DA:20710,1
DA:20711,1
DA:20712,1
DA:20713,1
DA:20714,1
DA:20715,1
DA:20716,1
DA:20717,1
DA:20718,1
DA:20719,1
DA:20720,1
DA:20721,1
DA:20722,1
DA:20723,1
DA:20724,1
DA:20725,1
DA:20726,1
DA:20727,1
DA:20728,1
DA:20729,1
DA:20730,1
DA:20731,1
DA:20732,1
DA:20733,1
DA:20734,1
DA:20735,1
DA:20736,1
DA:20737,1
DA:20738,1
DA:20739,1
DA:20740,1
DA:20741,1
DA:20742,1
DA:20743,1
DA:20744,1
DA:20745,1
DA:20746,1
DA:20747,1
DA:20748,1
DA:20749,1
DA:20750,1
DA:20751,1
DA:20752,1
DA:20753,1
DA:20754,1
DA:20755,1
DA:20756,1
DA:20757,1
DA:20758,1
DA:20759,1
DA:20760,1
DA:20761,1
DA:20762,1
DA:20763,1
DA:20764,1
DA:20765,1
DA:20766,1
DA:20767,1
DA:20768,1
DA:20769,1
DA:20770,1
DA:20771,1
DA:20772,1
DA:20773,1
DA:20774,1
DA:20775,1
DA:20776,1
DA:20777,1
DA:20778,1
DA:20779,1
DA:20780,1
DA:20781,1
DA:20782,1
DA:20783,1
DA:20784,1
DA:20785,1
DA:20786,1
DA:20787,1
DA:20788,1
DA:20789,1
DA:20790,1
DA:20791,1
DA:20792,1
DA:20793,1
DA:20794,1
DA:20795,1
DA:20796,1
DA:20797,1
DA:20798,1
DA:20799,1
DA:20800,1
DA:20801,1
DA:20802,1
DA:20803,1
DA:20804,1
DA:20805,1
DA:20806,1
DA:20807,1
DA:20808,1
DA:20809,1
DA:20810,1
DA:20811,1
DA:20812,1
DA:20813,1
DA:20814,1
DA:20815,1
DA:20816,1
DA:20817,1
DA:20818,1
DA:20819,1
DA:20820,1
DA:20821,1
DA:20822,1
DA:20823,1
DA:20824,1
DA:20825,1
DA:20826,1
DA:20827,1
DA:20828,1
DA:20829,1
DA:20830,1
DA:20831,1
DA:20832,1
DA:20833,1
DA:20834,1
DA:20835,1
DA:20836,1
DA:20837,1
DA:20838,1
DA:20839,1
DA:20840,1
DA:20841,1
DA:20842,1
DA:20843,1
DA:20844,1
DA:20845,1
DA:20846,1
DA:20847,1
DA:20848,1
DA:20849,1
DA:20850,1
DA:20851,1
DA:20852,1
DA:20853,1
DA:20854,1
DA:20855,1
DA:20856,1
DA:20857,1
DA:20858,1
DA:20859,1
DA:20860,1
DA:20861,1
DA:20862,1
DA:20863,1
DA:20864,1
DA:20865,1
DA:20866,1
DA:20867,1
DA:20868,1
DA:20869,1
DA:20870,1
DA:20871,1
DA:20872,1
DA:20873,1
DA:20874,1
DA:20875,1
DA:20876,1
DA:20877,1
DA:20878,1
DA:20879,1
DA:20880,1
DA:20881,1
DA:20882,1
DA:20883,1
DA:20884,1
DA:20885,1
DA:20886,1
DA:20887,1
DA:20888,1
DA:20889,1
DA:20890,1
DA:20891,1
DA:20892,1
DA:20893,1
DA:20894,1
DA:20895,1
DA:20896,1
DA:20897,1
DA:20898,1
DA:20899,1
DA:20900,1
DA:20901,1
DA:20902,1
DA:20903,1
DA:20904,1
DA:20905,1
DA:20906,1
DA:20907,1
DA:20908,1
DA:20909,1
DA:20910,1
DA:20911,1
DA:20912,1
DA:20913,1
DA:20914,1
DA:20915,1
DA:20916,1
DA:20917,1
DA:20918,1
DA:20919,1
DA:20920,1
DA:20921,1
DA:20922,1
DA:20923,1
DA:20924,1
DA:20925,1
DA:20926,1
DA:20927,1
DA:20928,1
DA:20929,1
DA:20930,1
DA:20931,1
DA:20932,1
DA:20933,1
DA:20934,1
DA:20935,1
DA:20936,1
DA:20937,1
DA:20938,1
DA:20939,1
DA:20940,1
DA:20941,1
DA:20942,1
DA:20943,1
DA:20944,1
DA:20945,1
DA:20946,1
DA:20947,1
DA:20948,1
DA:20949,1
DA:20950,1
DA:20951,1
DA:20952,1
DA:20953,1
DA:20954,1
DA:20955,1
DA:20956,1
DA:20957,1
DA:20958,1
DA:20959,1
DA:20960,1
DA:20961,1
DA:20962,1
DA:20963,1
DA:20964,1
DA:20965,1
DA:20966,1
DA:20967,1
DA:20968,1
DA:20969,1
DA:20970,1
DA:20971,1
DA:20972,1
DA:20973,1
DA:20974,1
DA:20975,1
DA:20976,1
DA:20977,1
DA:20978,1
DA:20979,1
DA:20980,1
DA:20981,1
DA:20982,1
DA:20983,1
DA:20984,1
DA:20985,1
DA:20986,1
DA:20987,1
DA:20988,1
DA:20989,1
DA:20990,1
DA:20991,1
DA:20992,1
DA:20993,1
DA:20994,1
DA:20995,1
DA:20996,1
DA:20997,1
DA:20998,1
DA:20999,1
DA:21000,1
DA:21001,1
DA:21002,1
DA:21003,1
DA:21004,1
DA:21005,1
DA:21006,1
DA:21007,1
DA:21008,1
DA:21009,1
DA:21010,1
DA:21011,1
DA:21012,1
DA:21013,1
DA:21014,1
DA:21015,1
DA:21016,1
DA:21017,1
DA:21018,1
DA:21019,1
DA:21020,1
DA:21021,1
DA:21022,1
DA:21023,1
DA:21024,1
DA:21025,1
DA:21026,1
DA:21027,1
DA:21028,1
DA:21029,1
DA:21030,1
DA:21031,1
DA:21032,1
DA:21033,1
DA:21034,1
DA:21035,1
DA:21036,1
DA:21037,1
DA:21038,1
DA:21039,1
DA:21040,1
DA:21041,1
DA:21042,1
DA:21043,1
DA:21044,1
DA:21045,1
DA:21046,1
DA:21047,1
DA:21048,1
DA:21049,1
DA:21050,1
DA:21051,1
DA:21052,1
DA:21053,1
DA:21054,1
DA:21055,1
DA:21056,1
DA:21057,1
DA:21058,1
DA:21059,1
DA:21060,1
DA:21061,1
DA:21062,1
DA:21063,1
DA:21064,1
DA:21065,1
DA:21066,1
DA:21067,1
DA:21068,1
DA:21069,1
DA:21070,1
DA:21071,1
DA:21072,1
DA:21073,1
DA:21074,1
DA:21075,1
DA:21076,1
DA:21077,1
DA:21078,1
DA:21079,1
DA:21080,1
DA:21081,1
DA:21082,1
DA:21083,1
DA:21084,1
DA:21085,1
DA:21086,1
DA:21087,1
DA:21088,1
DA:21089,1
DA:21090,1
DA:21091,1
DA:21092,1
DA:21093,1
DA:21094,1
DA:21095,1
DA:21096,1
DA:21097,1
DA:21098,1
DA:21099,1
DA:21100,1
DA:21101,1
DA:21102,1
DA:21103,1
DA:21104,1
DA:21105,1
DA:21106,1
DA:21107,1
DA:21108,1
DA:21109,1
DA:21110,1
DA:21111,1
DA:21112,1
DA:21113,1
DA:21114,1
DA:21115,1
DA:21116,1
DA:21117,1
DA:21118,1
DA:21119,1
DA:21120,1
DA:21121,1
DA:21122,1
DA:21123,1
DA:21124,1
DA:21125,1
DA:21126,1
DA:21127,1
DA:21128,1
DA:21129,1
DA:21130,1
DA:21131,1
DA:21132,1
DA:21133,1
DA:21134,1
DA:21135,1
DA:21136,1
DA:21137,1
DA:21138,1
DA:21139,1
DA:21140,1
DA:21141,1
DA:21142,1
DA:21143,1
DA:21144,1
DA:21145,1
DA:21146,1
DA:21147,1
DA:21148,1
DA:21149,1
DA:21150,1
DA:21151,1
DA:21152,1
DA:21153,1
DA:21154,1
DA:21155,1
DA:21156,1
DA:21157,1
DA:21158,1
DA:21159,1
DA:21160,1
DA:21161,1
DA:21162,1
DA:21163,1
DA:21164,1
DA:21165,1
DA:21166,1
DA:21167,1
DA:21168,1
DA:21169,1
DA:21170,1
DA:21171,1
DA:21172,1
DA:21173,1
DA:21174,1
DA:21175,1
DA:21176,1
DA:21177,1
DA:21178,1
DA:21179,1
DA:21180,1
DA:21181,1
DA:21182,1
DA:21183,1
DA:21184,1
DA:21185,1
DA:21186,1
DA:21187,1
DA:21188,1
DA:21189,1
DA:21190,1
DA:21191,1
DA:21192,1
DA:21193,1
DA:21194,1
DA:21195,1
DA:21196,1
DA:21197,1
DA:21198,1
DA:21199,1
DA:21200,1
DA:21201,1
DA:21202,1
DA:21203,1
DA:21204,1
DA:21205,1
DA:21206,1
DA:21207,1
DA:21208,1
DA:21209,1
DA:21210,1
DA:21211,1
DA:21212,1
DA:21213,1
DA:21214,1
DA:21215,1
DA:21216,1
DA:21217,1
DA:21218,1
DA:21219,1
DA:21220,1
DA:21221,1
DA:21222,1
DA:21223,1
DA:21224,1
DA:21225,1
DA:21226,1
DA:21227,1
DA:21228,1
DA:21229,1
DA:21230,1
DA:21231,1
DA:21232,1
DA:21233,1
DA:21234,1
DA:21235,1
DA:21236,1
DA:21237,1
DA:21238,1
DA:21239,1
DA:21240,1
DA:21241,1
DA:21242,1
DA:21243,1
DA:21244,1
DA:21245,1
DA:21246,1
DA:21247,1
DA:21248,1
DA:21249,1
DA:21250,1
DA:21251,1
DA:21252,1
DA:21253,1
DA:21254,1
DA:21255,1
DA:21256,1
DA:21257,1
DA:21258,1
DA:21259,1
DA:21260,1
DA:21261,1
DA:21262,1
DA:21263,1
DA:21264,1
DA:21265,1
DA:21266,1
DA:21267,1
DA:21268,1
DA:21269,1
DA:21270,1
DA:21271,1
DA:21272,1
DA:21273,1
DA:21274,1
DA:21275,1
DA:21276,1
DA:21277,1
DA:21278,1
DA:21279,1
DA:21280,1
DA:21281,1
DA:21282,1
DA:21283,1
DA:21284,1
DA:21285,1
DA:21286,1
DA:21287,1
DA:21288,1
DA:21289,1
DA:21290,1
DA:21291,1
DA:21292,1
DA:21293,1
DA:21294,1
DA:21295,1
DA:21296,1
DA:21297,1
DA:21298,1
DA:21299,1
DA:21300,1
DA:21301,1
DA:21302,1
DA:21303,1
DA:21304,1
DA:21305,1
DA:21306,1
DA:21307,1
DA:21308,1
DA:21309,1
DA:21310,1
DA:21311,1
DA:21312,1
DA:21313,1
DA:21314,1
DA:21315,1
DA:21316,1
DA:21317,1
DA:21318,1
DA:21319,1
DA:21320,1
DA:21321,1
DA:21322,1
DA:21323,1
DA:21324,1
DA:21325,1
DA:21326,1
DA:21327,1
DA:21328,1
DA:21329,1
DA:21330,1
DA:21331,1
DA:21332,1
DA:21334,1
end_of_record
SF:C:/Users/alx/.cargo/registry/src/index.crates.io-6f17d22bba15001f/rand_chacha-0.9.0-alpha.1/src/chacha.rs
DA:89,75
DA:90,75
DA:91,75
DA:97,1
DA:98,1
DA:99,1
DA:142,0
DA:144,0
DA:150,0
DA:151,0
DA:152,0
DA:153,0
DA:155,0
DA:160,0
DA:161,0
DA:162,0
DA:164,0
DA:165,0
DA:166,0
DA:168,0
DA:169,0
DA:170,0
DA:172,0
DA:173,0
DA:174,0
end_of_record
SF:C:/Users/alx/.cargo/registry/src/index.crates.io-6f17d22bba15001f/glam-0.27.0/src/f32/vec3.rs
DA:13,11204
DA:14,11204
DA:15,11204
DA:76,11205
DA:77,11205
DA:78,11205
DA:195,5
DA:196,5
DA:197,5
DA:209,2
DA:210,2
DA:211,2
DA:212,2
DA:213,2
DA:215,2
DA:436,2
DA:437,2
DA:438,2
DA:455,2
DA:456,2
DA:457,2
DA:508,2
DA:510,2
DA:513,2
DA:726,1
DA:727,1
DA:728,1
DA:729,1
DA:730,1
DA:732,1
DA:1027,1
DA:1028,1
DA:1029,1
DA:1030,1
DA:1031,1
DA:1033,1
DA:1048,3
DA:1049,3
DA:1050,3
DA:1051,3
DA:1052,3
DA:1054,3
DA:1092,1600
DA:1093,1600
DA:1094,1600
DA:1095,1600
DA:1096,1600
DA:1135,1
DA:1136,1
DA:1137,1
DA:1138,1
DA:1139,1
DA:1141,1
end_of_record
SF:C:/Users/alx/.cargo/registry/src/index.crates.io-6f17d22bba15001f/serde-1.0.200/src/ser/impls.rs
DA:11,0
DA:15,0
DA:16,0
DA:42,0
DA:46,0
DA:47,0
DA:200,0
DA:204,0
DA:205,0
DA:499,0
DA:503,0
DA:504,0
end_of_record
SF:C:/Users/alx/.cargo/registry/src/index.crates.io-6f17d22bba15001f/glam-0.27.0/src/swizzles/sse2/vec4_impl.rs
DA:223,4
DA:224,4
DA:225,4
DA:226,4
DA:227,4
DA:229,4
DA:803,32004
DA:804,32004
DA:805,32004
DA:1313,32004
DA:1314,32004
DA:1315,32004
DA:1823,32004
DA:1824,32004
DA:1825,32004
DA:2333,32004
DA:2334,32004
DA:2335,32004
end_of_record
SF:C:/Users/alx/.cargo/registry/src/index.crates.io-6f17d22bba15001f/rand-0.9.0-alpha.1/src/distributions/utils.rs
DA:245,4800
DA:247,4800
DA:252,9600
DA:254,9600
DA:266,0
DA:268,0
DA:278,9600
DA:279,9600
DA:280,9600
DA:283,4800
DA:284,4800
DA:285,4800
DA:288,14400
DA:289,14400
DA:290,14400
DA:293,0
DA:294,0
DA:295,0
DA:308,0
DA:309,0
DA:310,0
DA:311,0
end_of_record
SF:C:/Users/alx/RustroverProjects/rustgraphics/src/engine/scene/mod.rs
DA:15,5
DA:16,5
DA:17,5
DA:18,8005
DA:19,8000
DA:22,5
DA:23,295343
DA:24,361198135
DA:25,360902792
DA:27,295343
end_of_record
SF:C:/Users/alx/.cargo/registry/src/index.crates.io-6f17d22bba15001f/serde-1.0.200/src/ser/mod.rs
DA:1438,0
DA:1440,0
DA:1804,0
DA:1809,0
DA:1810,0
DA:1811,0
DA:1866,0
DA:1868,0
DA:1869,0
DA:1930,0
DA:1932,0
DA:1933,0
DA:1939,0
DA:1943,0
DA:1944,0
DA:1945,0
DA:1947,0
end_of_record
SF:C:/Users/alx/.cargo/registry/src/index.crates.io-6f17d22bba15001f/ppv-lite86-0.2.17/src/x86_64/sse2.rs
DA:18,675
DA:19,675
DA:20,675
DA:32,0
DA:33,0
DA:34,0
DA:52,600
DA:53,600
DA:54,600
DA:58,827
DA:59,827
DA:60,827
DA:64,2327
DA:65,2327
DA:71,2327
DA:79,2
DA:80,2
DA:81,2
DA:82,2
DA:89,0
DA:90,0
DA:91,0
DA:92,0
DA:170,0
DA:171,0
DA:172,0
DA:178,0
DA:179,0
DA:180,0
DA:181,0
DA:182,0
DA:185,0
DA:216,0
DA:217,0
DA:218,0
DA:323,0
DA:325,0
DA:326,0
DA:327,0
DA:329,0
DA:331,75
DA:333,75
DA:334,75
DA:335,75
DA:337,75
DA:341,0
DA:343,0
DA:344,0
DA:345,0
DA:347,0
DA:349,0
DA:351,0
DA:352,0
DA:353,0
DA:354,0
DA:355,0
DA:357,0
DA:370,675
DA:372,675
DA:373,675
DA:374,675
DA:376,675
DA:389,0
DA:391,0
DA:392,0
DA:393,0
DA:395,0
DA:519,0
DA:520,0
DA:521,0
DA:523,0
DA:524,0
DA:525,0
DA:526,0
DA:527,0
DA:528,0
DA:529,0
DA:530,0
DA:533,0
DA:540,0
DA:541,0
DA:542,0
DA:544,0
DA:545,0
DA:546,0
DA:548,0
DA:549,0
DA:552,0
DA:553,0
DA:554,0
DA:555,0
DA:558,0
DA:559,0
DA:560,0
DA:561,0
DA:564,0
DA:565,0
DA:566,0
DA:568,0
DA:571,0
DA:576,0
DA:577,0
DA:578,0
DA:580,0
DA:581,0
DA:582,0
DA:584,0
DA:585,0
DA:586,0
DA:591,0
DA:592,0
DA:593,0
DA:595,0
DA:596,0
DA:597,0
DA:599,0
DA:600,0
DA:601,0
DA:790,0
DA:791,0
DA:792,0
DA:885,0
DA:886,0
DA:887,0
DA:1394,29400
DA:1395,29400
DA:1396,29400
DA:1402,300
DA:1403,300
DA:1404,300
DA:1430,150
DA:1432,150
DA:1433,150
DA:1434,150
DA:1437,150
DA:1439,900
DA:1440,900
DA:1441,900
DA:1470,3600
DA:1471,3600
DA:1472,3600
DA:1474,3600
DA:1480,3600
DA:1481,3600
DA:1482,3600
DA:1483,3600
DA:1484,3600
DA:1487,3600
DA:1527,7200
DA:1528,7200
DA:1529,7200
DA:1543,15000
DA:1544,15000
DA:1545,15000
DA:1582,1800
DA:1583,1800
DA:1584,1800
DA:1586,1800
DA:1587,1800
DA:1588,1800
DA:1590,1800
DA:1591,1800
DA:1592,1800
DA:1602,150
DA:1603,150
DA:1604,150
DA:1605,150
DA:1607,150
DA:1611,75
DA:1612,75
DA:1613,75
DA:1614,75
DA:1615,75
DA:1617,450
DA:1618,450
DA:1619,450
DA:1620,450
DA:1621,450
DA:1645,75
DA:1658,75
DA:1659,75
DA:1660,75
DA:1661,75
DA:1662,75
DA:1663,75
DA:1664,75
DA:1665,75
DA:1666,75
DA:1667,75
DA:1668,75
DA:1669,75
DA:1670,75
DA:1673,75
DA:1677,300
DA:1678,300
DA:1679,300
end_of_record
SF:C:/Users/alx/.cargo/registry/src/index.crates.io-6f17d22bba15001f/rand_chacha-0.9.0-alpha.1/src/guts.rs
DA:72,1
DA:73,1
DA:74,1
DA:78,75
DA:79,75
DA:80,75
end_of_record
SF:C:/Users/alx/.cargo/registry/src/index.crates.io-6f17d22bba15001f/ppv-lite86-0.2.17/src/soft.rs
DA:13,11100
DA:14,11100
DA:15,11100
DA:32,3600
DA:33,3600
DA:34,3600
DA:35,3600
DA:42,3600
DA:43,3600
DA:44,3600
DA:201,900
DA:202,900
DA:203,900
DA:204,900
DA:206,900
DA:208,900
DA:209,900
DA:210,900
DA:211,900
DA:213,900
DA:215,900
DA:216,900
DA:217,900
DA:218,900
DA:220,900
DA:252,0
DA:253,0
DA:254,0
DA:255,0
DA:256,0
DA:257,0
DA:264,0
DA:265,0
DA:266,0
DA:267,0
DA:268,0
DA:269,0
DA:271,0
DA:339,0
DA:343,0
DA:344,0
DA:345,0
DA:346,0
DA:347,0
DA:349,0
DA:353,0
DA:354,0
DA:355,0
DA:356,0
DA:357,0
DA:358,0
DA:359,0
DA:361,0
DA:369,150
DA:370,150
DA:371,150
DA:387,0
DA:388,0
DA:389,0
DA:391,300
DA:392,300
DA:393,300
DA:446,0
DA:447,0
DA:448,0
DA:449,0
DA:450,0
DA:451,0
DA:453,0
DA:455,0
DA:456,0
DA:457,0
DA:458,0
DA:459,0
DA:460,0
DA:462,0
DA:464,0
DA:465,0
DA:466,0
DA:467,0
DA:468,0
DA:469,0
DA:471,0
end_of_record
SF:C:/Users/alx/.cargo/registry/src/index.crates.io-6f17d22bba15001f/glam-0.27.0/src/sse2.rs
DA:52,3
DA:53,3
DA:54,3
DA:55,3
DA:56,3
DA:57,3
DA:58,3
end_of_record
SF:C:/Users/alx/.cargo/registry/src/index.crates.io-6f17d22bba15001f/rand-0.9.0-alpha.1/src/distributions/float.rs
DA:99,4800
DA:102,4800
DA:103,4800
DA:104,4800
end_of_record
SF:C:/Users/alx/.cargo/registry/src/index.crates.io-6f17d22bba15001f/glam-0.27.0/src/f32/math.rs
DA:177,1000000000
DA:178,1000000000
DA:179,1000000000
DA:187,3
DA:188,3
DA:189,3
DA:197,1
DA:198,1
DA:199,1
end_of_record
SF:C:/Users/alx/.cargo/registry/src/index.crates.io-6f17d22bba15001f/lazy_static-1.4.0/src/lib.rs
DA:135,8002
DA:137,2
DA:140,8002
DA:142,8002
DA:143,8002
DA:144,8002
DA:145,8002
DA:148,0
DA:149,0
DA:150,0
end_of_record
SF:C:/Users/alx/.cargo/registry/src/index.crates.io-6f17d22bba15001f/serde-1.0.200/src/de/impls.rs
DA:24,0
DA:28,0
DA:29,0
DA:33,0
DA:37,0
DA:38,0
DA:134,0
DA:150,0
DA:151,0
DA:193,0
DA:197,0
DA:198,0
DA:227,0
DA:239,0
DA:240,0
DA:242,0
DA:298,0
DA:302,0
DA:303,0
DA:305,0
DA:307,0
DA:343,0
DA:347,0
DA:348,0
DA:350,0
DA:352,0
DA:603,0
DA:607,0
DA:608,0
DA:700,0
DA:704,0
DA:705,0
DA:1398,0
DA:1409,0
DA:1410,0
DA:1411,0
DA:1430,0
DA:1431,0
end_of_record
SF:C:/Users/alx/.cargo/registry/src/index.crates.io-6f17d22bba15001f/rand_core-0.9.0-alpha.1/src/impls.rs
DA:38,0
DA:39,0
DA:40,0
DA:41,0
DA:42,0
DA:43,0
DA:44,0
DA:46,0
DA:47,0
DA:48,0
DA:49,0
DA:50,0
DA:51,0
DA:52,0
DA:54,0
end_of_record
SF:C:/Users/alx/RustroverProjects/rustgraphics/game/src/main.rs
DA:20,1
DA:21,1
DA:22,1
DA:23,1
DA:24,1
DA:27,1
DA:31,10
DA:33,10
DA:35,295343
DA:37,295343
end_of_record
SF:C:/Users/alx/.cargo/registry/src/index.crates.io-6f17d22bba15001f/glfw-0.55.0/src/callbacks.rs
DA:26,1
DA:29,1
DA:30,1
DA:34,1
DA:36,1
end_of_record
SF:C:/Users/alx/.cargo/registry/src/index.crates.io-6f17d22bba15001f/rand_core-0.9.0-alpha.1/src/lib.rs
DA:185,0
DA:187,0
DA:188,0
DA:417,0
DA:418,0
DA:419,0
end_of_record
SF:C:/Users/alx/.cargo/registry/src/index.crates.io-6f17d22bba15001f/serde-1.0.200/src/private/de.rs
DA:23,0
DA:57,0
DA:58,0
DA:59,0
end_of_record
SF:C:/Users/alx/.cargo/registry/src/index.crates.io-6f17d22bba15001f/ryu-1.0.18/src/buffer/mod.rs
DA:29,0
DA:30,0
DA:31,0
DA:32,0
DA:47,0
DA:48,0
DA:49,0
DA:51,0
DA:53,0
DA:72,0
DA:74,0
DA:75,0
DA:76,0
DA:77,0
DA:79,0
DA:139,0
DA:140,0
DA:141,0
DA:146,0
DA:148,0
DA:149,0
DA:150,0
DA:168,0
DA:169,0
DA:170,0
end_of_record
SF:C:/Users/alx/RustroverProjects/rustgraphics/src/engine/gameobject.rs
DA:17,8000
DA:18,8000
DA:19,8000
DA:20,8000
DA:21,8000
DA:23,8000
DA:24,0
DA:26,8000
end_of_record
SF:C:/Users/alx/.cargo/registry/src/index.crates.io-6f17d22bba15001f/glam-0.27.0/src/f32/sse2/mat4.rs
DA:103,24009
DA:104,24009
DA:110,24009
DA:181,8005
DA:184,8005
DA:185,8005
DA:186,8005
DA:187,8005
DA:188,8005
DA:189,8005
DA:190,8005
DA:191,8005
DA:192,8005
DA:193,8005
DA:194,8005
DA:195,8005
DA:196,8005
DA:198,8005
DA:199,8005
DA:200,8005
DA:201,8005
DA:202,8005
DA:215,8005
DA:216,8005
DA:217,8005
DA:218,8005
DA:219,8005
DA:220,8005
DA:221,8005
DA:223,8005
DA:249,1
DA:250,1
DA:253,1
DA:254,1
DA:255,1
DA:256,1
DA:261,1
DA:263,1
DA:264,1
DA:265,1
DA:266,1
DA:269,1
DA:271,1
DA:272,1
DA:327,8000
DA:328,8000
DA:332,8000
DA:334,8000
DA:347,1
DA:350,1
DA:351,1
DA:352,1
DA:353,1
DA:354,1
DA:355,1
DA:356,1
DA:357,1
DA:358,1
DA:359,1
DA:360,1
DA:361,1
DA:364,1
DA:365,1
DA:366,1
DA:367,1
DA:370,1
DA:371,1
DA:372,1
DA:373,1
DA:378,1
DA:798,1
DA:799,1
DA:800,1
DA:801,1
DA:803,1
DA:804,1
DA:805,1
DA:806,1
DA:807,1
DA:809,1
DA:833,1
DA:835,1
DA:836,1
DA:892,1
DA:894,1
DA:895,1
DA:896,1
DA:897,1
DA:898,1
DA:899,1
DA:900,1
DA:901,1
DA:902,1
DA:904,1
DA:1157,32004
DA:1158,32004
DA:1159,32004
DA:1160,32004
DA:1161,32004
DA:1162,32004
DA:1163,32004
DA:1168,8001
DA:1169,8001
DA:1170,8001
DA:1171,8001
DA:1172,8001
DA:1173,8001
DA:1175,8001
DA:1320,8001
DA:1321,8001
DA:1322,8001
DA:1335,32004
DA:1336,32004
DA:1337,32004
DA:1435,24000
DA:1437,24000
end_of_record
